2000 2 -759.2483564767707 1092 339.6 -441.93107441650585 -154.44992308352732 92.07790173614144 
4000 4 -1310.8436628192885 323 346.19966000000005 -59.78673007710106 -155.60895082465893 92.70175699328357 
6000 5 -1984.4277835535083 1921 361.9476634 -541.0174136361093 -159.46303545277343 92.27638877082548 
8000 8 -2596.8917109999034 1166 383.82070584935656 -218.63795207949684 -164.95394004008543 91.93826908382292 
10000 10 -3133.8540130296424 882 390.44767380295434 -207.86041102716717 -165.73455575868604 90.98145996521816 
12000 15 -3905.263515024672 243 392.42557647161055 -91.63897630801213 -164.9553863754809 91.70586123910071 
14000 18 -4742.489345190722 756 404.62099042482726 -409.39966465515806 -169.84135150405058 91.44812995761629 
16000 24 -5400.082011407787 363 400.0406351154449 -139.4622941671236 -166.32291599411772 93.84078548025686 
18000 25 -6190.820834829996 402 400.06022876429046 -213.61846153567458 -166.79587144953328 95.6127553338355 
20000 30 -7097.410262954386 379 413.2174122340581 -134.98369639990645 -172.46810365377192 91.16511000998821 
22000 34 -7771.017725980015 366 414.47221949456133 -63.99057841244935 -171.255296155851 94.2251466108982 
24000 38 -8557.280501995383 744 422.3658815823198 -306.8270469578992 -173.83715376639773 90.65236547391451 
26000 40 -9089.017720541122 1052 426.0846005388316 -159.1176605012224 -172.49655944125257 90.76254178532817 
28000 45 -9822.341905070052 323 428.7051046601449 -105.76809365391398 -173.68424385540217 93.21838496096562 
30000 47 -10528.22274746968 174 437.50637307740806 -40.299220979717695 -175.00003960840922 95.56937600513307 
32000 51 -11273.098965277502 357 444.64351822772966 -182.78066061119725 -178.11736618978475 91.6114122232387 
34000 56 -12038.70139406955 241 441.3466737368002 -55.14279072088046 -176.4476174384138 92.35928242110147 
36000 59 -13043.445341903434 1392 448.4248371801435 -835.4535361161102 -181.46337164721004 91.74183374645098 
38000 61 -13669.664512000474 947 454.13898292025874 -275.95448141385873 -181.60958756808364 93.96971696324529 
40000 63 -14683.217586157843 1344 466.69921716014557 -655.1684521332803 -187.74359956051467 92.15330195375442 
42000 67 -15425.153982403606 166 463.5712792141594 -61.91559560516031 -187.67511689889452 91.80204441700039 
44000 72 -16014.515588525428 274 464.96689392918023 -81.87618894408902 -185.62925792445017 93.49334353146534 
46000 76 -16768.825378922807 318 470.8965426904638 -112.28360545033499 -187.1870008346506 94.265121461176 
48000 78 -17726.224187569333 150 481.8060014909235 -37.16540571424734 -192.97907554644758 94.04062624531655 
50000 80 -18329.204115094362 606 491.3262620612541 -128.8412024397253 -195.09375948798555 92.94812525856828 
52000 84 -19204.98042188153 385 485.20804923425504 -170.746553348152 -192.9082764839894 93.85885935725308 
54000 88 -19760.41121722689 563 484.5865717943089 -169.3111754739987 -191.884791436266 93.58030706773401 
56000 89 -20487.332181397825 1225 491.9907060763658 -302.9920459201572 -192.99586398110492 93.4332370971221 
58000 95 -21181.793527567508 237 490.71845208052133 -85.60481093508584 -191.9058970084002 91.62134866611645 
60000 99 -21706.38511416258 122 496.081701291925 -42.08626042619558 -191.84972353635956 101.81104945251123 
62000 103 -22361.671991221207 116 495.908151605035 -32.50936734822909 -190.57380376614657 93.11720318292866 
64000 106 -23029.299857445953 762 498.81798359421384 -265.76117349679953 -190.3006009971573 92.77385524349785 
66000 111 -23920.764625967942 1124 499.02277614787874 -546.0576254335908 -191.3435476117508 95.41099390923874 
68000 113 -24438.640206205255 143 502.085422902536 -51.604381154650504 -190.3600184409488 92.39343557506656 
70000 116 -25320.50805047504 1000 511.22039075690776 -449.873857519384 -194.6878293799596 92.49736343934397 
72000 120 -26006.97571562893 1211 513.3309411417264 -415.96504950470575 -194.87046762610808 93.37502406640043 
74000 124 -26532.78888156063 1142 512.3674397102873 -331.66418007110536 -192.37517612106404 91.0468930957988 
76000 128 -27004.837357221782 269 505.2657763896175 -86.35677730838836 -188.50072872883862 94.86477559956647 
78000 132 -27840.02187290322 284 510.3220819294187 -149.24357881708073 -190.0973517666025 92.2526588618313 
80000 134 -28556.12229361958 937 514.4074724990232 -338.40966139910853 -191.11139405230358 93.81198479446499 
82000 136 -29326.192205167954 919 528.2107637962928 -364.3158472892299 -196.4758252952241 92.83161369853998 
84000 139 -30022.95423692321 857 535.319467900779 -352.39715911126353 -198.54192868115064 93.53732542597523 
86000 141 -30783.79814649679 564 536.1674104895535 -301.91924192601306 -198.28557024194288 95.28939322424361 
88000 145 -31260.55876130742 290 541.8918510982971 -96.82542930102242 -198.5684066731997 94.00672196129558 
90000 149 -32142.87781871392 466 540.8194828765384 -264.2431819913008 -199.71409375535984 91.98497371273444 
92000 151 -32880.00626725818 804 541.7403751672952 -308.5993606356125 -200.66346449612175 97.65725314976028 
94000 155 -33622.133032082784 142 546.7204964616067 -36.400388092188585 -201.51355267622728 93.69200579246628 
96000 159 -34460.017863381516 407 543.0414251862385 -98.4917030091884 -201.32431371329338 93.09814434148618 
98000 165 -35014.32725973676 153 533.0678512089968 -66.37017780252064 -196.2158311185552 95.6699987402276 
100000 168 -35745.2526499517 490 533.0521309602384 -212.662700961378 -195.96855406650997 92.74264582519051 
102000 170 -36475.403448874626 1234 541.1203935541296 -393.89539186924685 -198.28350386316635 99.71671280579866 
104000 171 -37201.12457810805 1316 548.8691896185883 -477.49441759795457 -201.07561300051424 92.72131124902727 
106000 177 -37789.92436270361 269 548.1134760733094 -67.09416747540185 -200.09021033545034 97.05090293558547 
108000 179 -38446.19856531252 566 550.8850178994505 -250.00206273185543 -200.73743157688034 92.7008066119349 
110000 183 -39262.77376230131 261 552.9159173529907 -58.379385930665514 -202.512669213034 92.13733846422298 
112000 185 -39871.613528133355 1078 558.2863905976661 -328.4896436156947 -203.71644638225052 95.59134690289025 
114000 186 -40768.533064011994 2362 576.3235266916895 -942.798448207826 -211.1072664005063 93.29428947864915 
116000 189 -41573.607987687734 429 577.4545476254195 -127.79523194445102 -212.1703555972037 92.83266072465392 
118000 196 -42276.34591682686 314 557.2775348355473 -74.28019625947967 -203.24507305567923 91.81274830657917 
120000 198 -42980.97726624234 1010 567.00941189232 -394.86740239261593 -208.00922992686571 92.49442934575671 
122000 201 -43697.44687893421 340 570.5737963497062 -183.33578436253646 -208.9042739501018 92.10363906265968 
124000 203 -44259.9357195326 264 580.827777802347 -97.70838634252343 -210.92374818706827 94.51047644851205 
126000 205 -45130.61813669733 414 579.6562050240802 -146.06174301581154 -211.11193076679908 93.63294777325929 
128000 209 -45989.733010480726 391 580.5334517678734 -176.75208861382777 -213.0599022248514 92.5525012768849 
130000 211 -46480.02184141729 1124 594.3481360776927 -212.7785915672626 -215.9118969634991 91.4662376299508 
132000 214 -47241.23621577662 256 596.1826200880491 -42.662241426474864 -216.93924404151718 95.27027975540527 
134000 219 -47878.69679428463 167 585.9062314526465 -72.56564749121588 -212.68828235853596 92.61237875152841 
136000 223 -48615.721728646546 465 581.9427436375487 -289.5736665823251 -211.62782171293938 95.38187322632447 
138000 226 -49135.57950545637 221 585.94011920877 -43.97409959771045 -210.61112204370716 95.60075132670842 
140000 227 -49713.62387856107 1043 590.5107180166823 -357.3498121872908 -212.078508945143 92.26140680240849 
142000 231 -50331.38527633114 274 597.3347020890601 -88.12009238882057 -212.01421276581084 91.60518868015384 
144000 233 -50982.49681458742 609 604.8433415174878 -155.6418949242535 -214.2458098287808 96.78484235380539 
146000 236 -51597.25869654092 540 603.3529304310769 -141.30476718090827 -211.9804110505996 93.47056581696803 
148000 239 -52342.50813626289 417 607.8044890443435 -244.47348670616412 -215.07887984769602 93.5136022669712 
150000 243 -52930.78228900365 222 604.5458672460852 -76.92429932534809 -212.3451534836885 95.91325067845781 
152000 247 -53622.31958405085 195 599.6477177585791 -41.19228262184116 -210.72100000431118 91.26533329459832 
154000 250 -54243.784654748684 599 597.1916938934315 -234.4103032399222 -209.67501934320816 91.98933496444369 
156000 251 -54873.45765887039 2528 616.4997769544972 -726.9010453563634 -214.8472796033397 92.07713895333342 
158000 253 -55508.75652589679 1531 623.3034313931026 -533.6708900082523 -216.8695533331978 93.11579291334785 
160000 255 -56217.774646318794 1050 626.3298931083799 -359.38741730824046 -217.69390224563017 94.1592338859239 
162000 259 -57333.79820245203 631 623.1768259136362 -324.35124050758276 -220.20417145609537 93.30533894463942 
164000 261 -57922.63531023576 216 620.1329070779548 -65.27833434750283 -219.6915885921178 92.63035534697826 
166000 261 -58660.95333720613 216 620.1329070779548 -65.27833434750283 -219.6915885921178 93.49714374738605 
168000 263 -59473.702591257425 360 648.4479622271034 -163.23695855263202 -230.29756797533074 92.5659238221774 
170000 270 -60162.53939636763 219 635.2542359974182 -51.21476687752595 -225.2789674977592 91.11612540973151 
172000 273 -60997.84967707235 213 635.2496289340587 -52.07348634832307 -226.51918004534352 92.40633862734697 
174000 276 -61742.43337671964 954 631.7315977050882 -366.99151591489886 -225.04102889279045 92.41119797980528 
176000 280 -62248.652218858515 119 627.070686386433 -25.90988746362068 -222.02642282858102 94.15254373832212 
178000 285 -63113.00493821707 123 621.0996085633611 -31.874244432176656 -221.08038569592316 92.3462462507345 
180000 287 -63853.94651969867 831 620.1583263529502 -298.02156715483835 -221.1340329442228 91.8184391912401 
182000 289 -64502.25655918617 556 632.2465756585264 -175.98376080587897 -224.7006138168074 92.80096647107986 
184000 293 -65259.450704456365 127 630.9302604637436 -28.106803495436793 -224.62907691977398 94.36804165113094 
186000 295 -65857.79083253635 495 635.4225482805152 -97.19834319923116 -225.87980022021856 93.2395446515244 
188000 295 -66428.6885757921 495 635.4225482805152 -97.19834319923116 -225.87980022021856 92.53557365813492 
190000 300 -67103.2709739168 224 642.7520767254724 -73.0430164876468 -226.21459645612174 94.21630754881475 
192000 302 -67571.98847832439 1196 647.4356103986356 -287.9346359491559 -226.37522568825486 95.04141737528118 
194000 307 -68084.98906587725 434 640.7878372183355 -104.36028198444997 -221.2318365617734 97.86444004117519 
196000 310 -68805.5519612412 794 633.5222466651138 -349.2801030849622 -219.34104089876698 95.89359222686676 
198000 313 -69641.90598391701 538 634.8214594169134 -286.47178452914267 -221.41377206724758 94.05242740367197 
200000 317 -70344.10693061516 146 630.054726568264 -43.590972757058815 -218.77537099961654 93.98023580129866 
202000 320 -71273.54345050846 616 631.97923113446 -384.6594847600206 -222.54174744711773 91.62000256311354 
204000 324 -72097.43549062898 354 628.2576655406299 -144.461654717797 -221.4148142093374 92.25241124534175 
206000 327 -72940.53502528083 204 622.7849866164075 -108.2685330365159 -221.2822888430438 92.17684651745293 
208000 332 -73547.52258613227 142 617.0851576454082 -43.27645260429204 -218.95130319128535 92.65499266006846 
210000 334 -74232.32675314546 606 624.7746630082645 -256.0670577869705 -221.69500531539342 94.21212940348653 
212000 337 -74743.11773719489 356 624.2074807422559 -51.39202772070504 -219.51441861174047 92.26010493455011 
214000 339 -75764.86422460906 450 634.1750518754851 -257.63857368497696 -224.91847135426676 93.15831602678894 
216000 343 -76423.15295300794 556 632.5658046931338 -95.01743272922671 -224.44176495050394 92.43636663394452 
218000 349 -77051.93553909688 277 612.0763909239244 -36.41744910257953 -215.73316340190922 96.01935343083292 
220000 353 -77748.82684940721 296 610.8658103067219 -50.696473915846994 -215.76287470783862 93.09151095855113 
222000 356 -78613.92508951128 1479 610.4933748748019 -615.9476109616729 -216.896328378395 98.58474357973326 
224000 359 -79299.05826423969 639 613.3014381476454 -214.84880444484304 -217.75972237383357 93.70858253248963 
226000 363 -80087.77192729975 601 605.93275829189 -205.4822127309867 -215.02496816973732 94.99908262969988 
228000 366 -80869.65968209451 342 599.7932244378625 -93.33336601819094 -214.37876416336562 94.28531433958386 
230000 368 -81580.2460769592 502 607.331339271549 -271.4600108345321 -218.70130312829386 94.39070301731225 
232000 369 -82208.71293783019 2116 622.4180258788335 -617.6519075137925 -222.69080917214885 98.97631692637268 
234000 373 -82927.45744517403 538 628.7021794612842 -91.8671051267075 -224.20028243474377 91.92687597351313 
236000 375 -83540.70378871859 1595 636.3980060900046 -528.040622389566 -225.8302847041642 92.33321390886192 
238000 378 -84318.8752991562 477 635.3294979111254 -191.81519171456756 -226.6225039088976 92.11032364507088 
240000 380 -85098.15294124068 841 640.847940902694 -373.28775027686055 -229.11732795948834 93.49492814115314 
242000 383 -85934.50175244555 291 645.0164432099428 -101.24967065350441 -231.55283104576793 93.13089115008442 
244000 387 -86726.78998659909 735 638.3058187318628 -251.5722498100031 -229.87230692048726 91.97478224437441 
246000 390 -87674.38206109962 639 637.5103796097078 -265.036201458684 -231.99834418409517 94.06030125000177 
248000 394 -88373.60414729806 195 631.5602919066707 -61.12388694389355 -229.4519047340287 92.8016039818268 
250000 398 -88900.16070180525 1222 629.9415064999832 -347.6332321706574 -226.68110968502538 91.55166656752293 
252000 399 -89692.17029118697 106 624.7020914349833 -32.866059834539726 -224.74295918652052 96.42407805412951 
254000 404 -90424.0954947893 908 630.1187469648894 -342.2709717635926 -227.5081313779649 94.82623011397163 
256000 411 -91122.97996265591 185 603.3122615670279 -70.75226299697574 -218.07028913824814 94.69823966252449 
258000 413 -91853.07973022698 371 608.3516475618441 -111.93321949032674 -218.83264210330265 95.81185488101558 
260000 415 -92528.67648605505 1113 619.2752497753634 -274.71252372968553 -222.24012489781802 91.83492224200643 
262000 419 -93010.68690368996 436 615.6220939959674 -111.45165876956604 -219.97424400860052 94.13605368460642 
264000 423 -93867.5532975996 336 611.9641524903712 -104.89907494410193 -218.792553209445 92.53232685802395 
266000 426 -94576.7215853371 225 615.1881711972546 -97.64415124619127 -220.97473880630045 91.87526379756511 
268000 430 -95181.7547175839 189 610.0009603712796 -84.51585272263145 -217.99149821992086 93.8354460133169 
270000 433 -95995.67926315778 635 612.0985688472922 -296.69725191695716 -219.6285492590004 91.17823474424446 
272000 436 -96529.4279290968 1075 613.6411972539586 -265.1999886211602 -218.30873798737716 91.85149070598133 
274000 438 -97405.65321467693 1115 622.6183374286047 -497.48087740253226 -222.97843446631356 92.54351676643294 
276000 443 -98153.02196919556 118 609.9042535528838 -46.98878094766722 -219.06515394688998 91.87310359217375 
278000 444 -98839.0686767542 335 607.155211017355 -86.64103959798778 -217.74091280340096 97.43748162460622 
280000 448 -99633.11505874187 673 614.5624889839792 -183.31171841699881 -219.23556874204843 92.89816523539096 
282000 452 -100355.97200024515 147 615.8321314036793 -61.34850649164399 -221.5275299870779 94.41194025720091 
284000 457 -101102.63743143265 349 603.5318815595084 -154.40343379697237 -217.58166277540872 92.76674507779691 
286000 460 -101634.44315221407 199 593.5928111453093 -24.524503842456713 -212.76396810203872 93.26513131835465 
288000 463 -102233.35956648686 550 603.3935850614824 -158.18391630670433 -214.72699486643853 93.10802558013543 
290000 466 -102923.87252987706 100 602.3020941915713 -23.422944125055142 -213.25702847954167 95.61934652770063 
292000 469 -103623.06398963476 535 608.5822276919874 -215.00687420608722 -216.1463171698485 92.15904503813252 
294000 472 -104485.49072809235 393 613.0759519473077 -150.66093476833203 -218.2811986693762 97.58663365772465 
296000 474 -105359.33840684258 1900 623.1526405035562 -782.626963549547 -223.797438724917 91.46717435794467 
298000 477 -106094.33790092252 545 621.4120639279602 -199.89649467121208 -223.6376743897248 91.59397819919883 
300000 480 -106619.82595976755 925 619.9638372172359 -269.97693577486325 -221.80584124311417 95.1243588294337 
302000 482 -107208.81523971762 1108 629.299556856613 -387.38010300340204 -223.51123824753864 92.41337005710564 
304000 485 -107876.41209411516 178 628.4442537184146 -38.90931841455549 -221.86969824702024 93.88391911337489 
306000 487 -108500.72144056576 980 631.8069130694181 -331.05373955555046 -223.36303507839114 93.01564017576611 
308000 488 -109031.69740530713 2079 646.2788439387239 -553.5223499134504 -226.6646282267417 93.32554051140478 
310000 492 -109788.74037466373 518 647.9912649149508 -170.1536947863682 -227.3184319963869 94.55155707812462 
312000 494 -110321.30234468862 852 655.8724387431432 -224.30527269270564 -228.54158848293645 95.3390560218873 
314000 498 -111195.70790624149 1235 649.430377115633 -618.315258853014 -228.06884427023346 92.01702470066303 
316000 505 -111871.37205690444 78 623.7446303888441 -21.639365173528407 -218.7105008830904 91.90595825323568 
318000 508 -112459.93524293571 184 619.6546601216652 -97.44610374899779 -217.0674813716104 91.89836889551694 
320000 513 -113044.50313761721 245 611.6717118951699 -74.1097651160304 -212.9545313567994 93.29070245711527 
322000 515 -113641.65843396613 1174 619.5950448284561 -234.68781733344005 -213.4750789749695 92.42823860554141 
324000 519 -114498.61158779857 513 616.4973139879861 -136.7362476597412 -214.20036667648304 92.65721355036014 
326000 523 -115096.04262647855 363 611.0091107325767 -86.5957296688165 -212.05306983293298 92.97346053077817 
328000 526 -115906.21262307976 594 614.0101071347085 -256.1384331430679 -214.17742658300423 93.08267147616725 
330000 529 -116569.89915230624 849 612.9197549427005 -328.0625014733175 -213.19189643562692 94.51068232820144 
332000 532 -117360.41324146693 88 606.9087493011473 -17.695740253455657 -211.27238374305946 93.02001169395035 
334000 535 -118156.82735005449 908 614.9956055381539 -390.3127500060199 -215.02785168527663 93.66458633572375 
336000 539 -118967.82177292684 267 609.6916066774844 -84.62107566336368 -214.66412851517288 94.2125232030407 
338000 541 -119721.06869328456 581 613.7736437046024 -164.92914208412662 -216.9068351446453 92.82734895480712 
340000 543 -120524.68446526064 802 626.1323481948808 -362.77736164133495 -222.00156120038724 92.4983535737299 
342000 545 -121394.23593600863 1298 633.9684144658027 -643.1735607771149 -227.01610399201977 92.51849512618361 
344000 547 -122137.02315254648 756 645.8216430179332 -278.45666342783 -231.08339731311474 92.28525383655435 
346000 550 -122956.0191424379 161 638.1112863986575 -60.26052605864797 -229.18428875292528 92.17973456297615 
348000 556 -123716.89178523899 843 628.0937017275334 -330.5241192139578 -226.27496442657147 93.80099629609295 
350000 558 -124494.5660288123 447 627.9252370631555 -227.5815442830968 -226.26996224758298 91.76238534840218 
352000 563 -125224.96344458644 256 624.1462107972594 -73.4887422277341 -225.50314797119185 92.52318402887354 
354000 565 -125899.17193068088 442 625.4418012023939 -134.0463360249638 -225.46549107941917 95.20576541051652 
356000 567 -126649.19691618923 1176 632.1805093584662 -415.42855057277586 -227.66877923738338 95.80151653548792 
358000 572 -127418.54154745332 478 628.5661644614153 -207.0538246085742 -227.17739182924907 92.50555705372253 
360000 580 -128014.74437855338 293 598.9230220394955 -75.53104500481676 -215.3993465709141 93.49127369397577 
362000 584 -128797.28551713536 627 592.2100430682815 -226.8220374527698 -213.59805966179331 94.16344679262099 
364000 587 -129374.22108525436 852 594.8579575791106 -304.500939938621 -213.3348620978953 93.97101024096011 
366000 591 -130161.71279166666 223 592.6603167872429 -73.37694862642363 -213.15733581951673 94.04711649454218 
368000 594 -130921.77584431041 434 594.670244718345 -170.78352554221397 -214.61491485121843 95.55024567890034 
370000 596 -131683.15202575823 234 600.6401068484499 -97.7516159265594 -217.33545356223183 92.68084770522164 
372000 602 -132208.82095210982 572 588.1214522840842 -168.48128788268698 -210.23808238192612 91.27635175442762 
374000 605 -132637.8311507709 963 589.5880730297945 -254.31796913797106 -208.09523052243483 92.73748772277156 
376000 607 -133204.41524825082 820 588.3322703765016 -265.5199241775644 -206.98170567761719 92.97787063483713 
378000 609 -134085.76092977394 293 594.2658581960092 -87.19688990915836 -207.90738181490536 94.01759242071535 
380000 612 -134730.3044870701 984 606.5365299417296 -294.69418361307487 -214.0051867371634 92.62712495470699 
382000 614 -135342.16667529728 1250 610.2631529958892 -408.4333777497068 -214.83569758727742 95.54170785587915 
384000 617 -136161.596752522 294 602.9173390887584 -66.39034904579047 -211.07727940280617 92.78206801836856 
386000 618 -136962.61939749873 2076 617.6481656978708 -945.3439249286063 -218.41994585806418 92.54738033806962 
388000 621 -137514.0517668837 299 632.0900215284784 -87.7195477331745 -222.52096632652456 93.02849631010582 
390000 623 -138135.67080074755 198 638.3214301000615 -53.09759057703939 -224.04427871699468 92.3968511445385 
392000 626 -138932.5273784483 407 639.7915043046596 -153.83712329690326 -225.23417773041209 94.52983326287956 
394000 628 -139507.6533677353 1342 642.9645533689968 -474.4280282762877 -226.349719801685 92.42933644961505 
396000 631 -140327.44985089244 105 646.1222771693841 -25.271178716659694 -227.20501202338576 92.3200650738265 
398000 637 -141056.80093810824 367 629.072253461901 -206.0415661944821 -222.10007054571656 93.05328738180957 
400000 639 -141814.52353771328 1214 633.1685156180091 -549.8387931466527 -224.07519881828708 93.80307108229175 
402000 641 -142446.05471807354 1278 644.6542621572106 -428.07151053921774 -227.05608856631866 94.6500566148956 
404000 645 -143004.16575495774 451 635.1590989977105 -71.99776481851576 -222.51569720946554 91.80824753069692 
406000 648 -143753.9167197212 109 630.9323885983795 -30.07167324401245 -220.7553180693647 94.9842567802337 
408000 649 -144327.80141367638 2163 646.2530647123957 -757.6648937913542 -226.1244138265846 91.29905291524993 
410000 653 -145253.21717439362 596 647.7828404429993 -293.3595419828903 -228.16126240639224 95.14629277120981 
412000 656 -146012.03640751218 445 643.710287299002 -157.9971672295154 -226.22925180012726 94.40583718970802 
414000 658 -146804.97746869095 554 655.8939525817517 -196.7578920068276 -232.32390498238934 91.84943245159312 
416000 662 -147680.3836109537 311 649.2410609231597 -84.16909721185162 -231.732393833581 93.195949072948 
418000 665 -148336.52123341098 110 639.076061172681 -27.804192224106615 -227.49732712166437 93.98838340061401 
420000 673 -148778.51692485946 122 619.1492143167422 -30.122673542180134 -217.77538884980308 93.33818766569787 
422000 677 -149445.61645688803 521 613.9662554172976 -126.30722825863754 -215.7615345048368 97.16272857739342 
424000 678 -149963.75276666952 2121 629.0365928631246 -530.2992341552784 -218.90691150134123 93.02382719311706 
426000 680 -150648.87973019917 637 626.8586646651485 -298.4451982877095 -218.32687954138248 93.84256051106784 
428000 686 -151237.90998021455 265 618.2280916872635 -27.960516503830213 -214.06885750369705 92.3383472810403 
430000 689 -151868.89740699873 348 620.3882561360601 -82.32148759738767 -213.97731271686501 95.11478800128945 
432000 692 -152333.2572890697 841 619.0545035405629 -306.4633919698212 -212.0259581847612 93.01502749262758 
434000 697 -153121.6026071056 474 609.4574082149597 -202.26797433789767 -209.43710143165066 92.81502030477627 
436000 699 -153942.86872512128 925 616.588105791482 -435.41682015601754 -212.86722238777185 95.72461921688057 
438000 703 -154667.7797106368 523 613.3563718367556 -140.04397816638667 -212.28772508638318 92.99806084825548 
440000 708 -155220.72134629323 509 603.6690609337192 -100.39612623953374 -207.3291883720272 95.93765174103548 
442000 712 -155739.72649478642 310 599.1534601333775 -71.95884818646057 -204.24603219791928 92.19503715468333 
444000 714 -156412.91847680294 141 600.6985062767232 -46.83763369518011 -203.94897722620158 96.12587177447661 
446000 718 -157209.83578165114 196 593.0799256023802 -53.59411521955256 -202.37396709875833 96.09599968367569 
448000 723 -157855.17342053153 328 590.6576832134957 -98.6906075241826 -201.83061359343066 92.89004800478605 
450000 728 -158351.7170560381 366 583.0236741262206 -77.55774400168882 -197.69678524628594 92.37694252089841 
452000 730 -159014.43176334695 850 584.2973030111089 -320.63549122720485 -197.7042700230696 94.04762025444901 
454000 734 -159628.7631463497 506 588.2455843362322 -148.64808721453247 -198.59964440861816 92.64021946204386 
456000 741 -160222.95846008003 248 566.4806443688605 -85.91794868245736 -190.753437368594 94.62367482460179 
458000 745 -160906.8989495841 785 564.8461371429564 -245.7029495602296 -190.25629765476646 92.88604870797616 
460000 748 -161598.3438651706 134 558.8478070236736 -59.187017250461466 -188.32280818983594 93.84096117601372 
462000 752 -162325.11794698474 542 563.9921276041907 -194.32895942776173 -190.43538612002595 92.8110831467247 
464000 761 -163116.20714319203 252 534.4252548640387 -105.09337814858964 -181.96429384065368 92.7983239319912 
466000 766 -163767.54969808192 385 527.6001685130724 -173.11738942827245 -179.35317540008595 93.52644190039211 
468000 768 -164471.56587270292 197 530.4064251596623 -73.06140819799148 -181.02071353758473 94.32955483252944 
470000 771 -165214.7725630257 405 538.0278219259951 -190.2971084750845 -183.73557758703075 91.83932559343648 
472000 774 -165782.09304838773 295 546.0069445869711 -99.76194720460782 -184.98740876379034 93.5138523398542 
474000 778 -166387.06648054428 108 531.7556324025354 -36.13506877568001 -179.1831302556358 92.45450416984342 
476000 783 -167224.17732774589 160 537.0805423041934 -40.481149075957504 -182.56826235416906 97.72607415176026 
478000 787 -167792.7041664297 192 536.8933271360444 -45.892413677059935 -181.4767824418415 95.51923008513475 
480000 791 -168441.3484789035 678 533.092070882509 -187.97687751247938 -180.0082523037213 93.01798155147961 
482000 792 -169257.31742687896 1029 538.0511501736838 -451.1383097902506 -182.71955287858657 92.47900148560652 
484000 796 -169952.8006466464 330 541.4369462327513 -101.03844333318808 -185.14465482992338 103.95539055966921 
486000 799 -170590.10699024258 1200 551.2188954926924 -307.25194573009105 -187.38669347508178 95.0502212680743 
488000 802 -171089.9014154886 159 543.6218700776639 -65.73338840326916 -184.07414335478236 92.19401017931615 
490000 805 -171823.099195343 914 552.8085929144871 -287.7474527662151 -186.08760635118927 91.98327011464511 
492000 810 -172618.73508900744 202 549.9461235091972 -67.20775434425451 -186.70974424518204 92.38511589800243 
494000 814 -173426.69144920757 356 546.9518887379018 -151.14241273368194 -186.83602281898143 97.88243161027938 
496000 818 -174078.9708390212 220 544.7295264635924 -118.33014626713343 -186.37654792133839 95.47482175209267 
498000 823 -174745.90146306195 98 536.3364599802152 -30.168212762413585 -182.58893468676308 92.73338336550364 
500000 825 -175454.31325099542 1574 547.1156644266089 -473.72524291144504 -186.27615362191807 91.589070852127 
502000 827 -176137.6832142721 513 554.2775627045193 -124.18418008738998 -188.70962709289603 93.83373067693879 
504000 831 -176893.53364425414 399 550.586649536486 -211.7964795627516 -188.33159188929494 95.6396215565353 
506000 834 -177600.34930315943 593 556.3507694586028 -114.48812100709196 -190.72464007609054 91.83932516678112 
508000 836 -178251.6202331126 1226 565.0633891463766 -442.2785362627775 -193.9192935497177 92.62328170373033 
510000 838 -178877.059005759 765 574.7148277023637 -236.4294735998672 -196.7693948456279 91.9183431234469 
512000 844 -179453.61616331802 236 560.8631086822953 -44.415297672562126 -190.66722508294978 93.13933944464542 
514000 845 -180418.77385406784 2031 575.5644775954723 -1004.557059651472 -198.806123428635 96.49011899111959 
516000 845 -180960.3682661093 2031 575.5644775954723 -1004.557059651472 -198.806123428635 92.83341239353452 
518000 846 -181487.71265675037 2802 597.8288328195176 -824.2340643873833 -205.06040283822247 94.06859145493378 
520000 851 -182089.6992414624 424 599.7249227100917 -186.89699922261747 -202.9556591228767 92.62215866267148 
522000 852 -182870.47069341128 1904 612.7676734829907 -774.4806973374917 -208.67090950502285 92.00002070897014 
524000 857 -183683.1194367186 938 604.6125540636962 -463.4677899506031 -206.98226540735678 92.46985189526232 
526000 858 -184368.7497279789 713 605.6964285230592 -268.8381556503437 -207.60082430978665 92.1446053162581 
528000 859 -184976.78308542745 1649 616.1294642378286 -502.6011475407451 -210.55082754209621 94.04796991149803 
530000 864 -185772.09121977555 288 621.2719153370929 -117.08214975019398 -213.00112961260447 92.4271101185178 
532000 867 -186385.0646580667 621 612.4447211796659 -242.9815543414789 -210.06213440745714 91.80994027881506 
534000 870 -186913.20118563544 774 622.5307635159086 -166.62732015908995 -211.427644168901 94.95204282310027 
536000 874 -187639.93481070915 263 618.2567740456353 -100.28340286378858 -210.30915998382434 92.10298755741842 
538000 875 -188389.18716161072 1573 627.804206305179 -557.509684278812 -213.78116522677422 93.43852875141721 
540000 880 -189063.99073833384 781 619.565948948292 -233.06497271205978 -211.42489290165065 92.93615008566422 
542000 884 -189628.5066182702 283 607.1093756215929 -64.4432796954944 -205.55561454925996 92.93078230212176 
544000 887 -190374.62723778991 166 614.016678056256 -50.150296891658265 -208.95653840953742 93.28459572717168 
546000 890 -191268.51205419205 178 619.952083701307 -44.543334834388254 -213.0336864756334 93.14483244038975 
548000 894 -191877.10283289477 273 611.1741127346613 -43.60243159682713 -209.48999777852092 91.61082016407886 
550000 901 -192591.538969302 289 592.6918182911415 -81.07872688812361 -203.18287277195768 93.22012025772204 
552000 905 -193413.5054068924 412 581.1850516801154 -268.366460255458 -200.3287819457847 93.41608684242033 
554000 911 -194095.91849177913 190 573.6750697916359 -56.1182893131725 -197.89865425722542 92.72123618160671 
556000 916 -194821.55544670357 104 566.0641866318338 -27.45261214616728 -195.61580535461474 92.30074723515217 
558000 919 -195438.2624478125 403 558.6326622246817 -159.41053384991082 -193.4685903488298 94.10122244783484 
560000 922 -196018.59699712976 345 566.2854655239464 -156.1336960039012 -194.8827428601641 92.94937627786828 
562000 928 -196514.83257187906 490 557.1588907883367 -109.10441543780969 -189.207767146662 93.11015293882016 
564000 931 -197372.547451426 174 555.1639875730324 -49.81800332362486 -189.7122860892914 92.68903707841916 
566000 935 -198227.76313521675 150 550.2628211783443 -29.75296485982215 -188.49346719480076 93.28426743136598 
568000 940 -198871.2820850487 226 548.5190500034084 -40.750054387401384 -189.16845125597806 92.83799726896116 
570000 943 -199623.80642436238 158 547.5809596992573 -28.509981169454274 -189.66242476792723 93.12369080480562 
572000 948 -200420.5703254812 995 547.3916495878865 -438.43791820947604 -190.27863092234335 93.0211070417526 
574000 952 -201267.7482900201 871 543.1826099714418 -342.6881941825813 -190.07129754715925 92.23261172605834 
576000 957 -201921.7628444123 406 539.3623596975536 -220.92917105372598 -188.35634922045818 92.77233120917595 
578000 959 -202564.99848522656 210 539.5796487395723 -98.83679994399432 -187.67124849637392 94.81388484586961 
580000 962 -203311.65127884797 242 550.2850235923582 -63.65770559253663 -192.12280243230458 91.62473703787785 
582000 965 -204169.97220131638 130 554.6156051066416 -41.757331671931816 -195.39875816184812 93.01274001092996 
584000 968 -204872.68884194703 973 554.1104620193693 -369.459217031655 -195.68853942786683 92.58900684930623 
586000 973 -205670.29374986206 194 548.985361552312 -87.39250483733673 -194.67325180401087 91.25602001820532 
588000 977 -206315.63306483955 293 542.0782850555582 -62.768582920093756 -191.5049417478574 94.50258192358453 
590000 984 -206933.65270889402 438 530.9515654431844 -175.53775436003627 -186.3968234436502 92.07479836227239 
592000 988 -207708.045028249 353 530.3657497679769 -105.1382230773334 -186.7460910907997 93.78217414650705 
594000 993 -208310.76431280348 99 516.0600128353994 -31.297206887457985 -180.3667037606174 97.12139808819761 
596000 995 -209025.21691676276 1667 531.4496185799749 -609.6926336294175 -186.4986529166719 91.57348536001405 
598000 999 -209560.10943755382 411 521.3824393239456 -147.08078181391068 -182.37473333095133 95.39658598621547 
600000 1004 -210421.92914147032 117 524.5231721008628 -25.6468291382564 -184.21802194074868 96.86649494835189 
602000 1008 -211163.3553438768 479 525.2040428626321 -134.1038457233959 -184.45396922083486 91.69419795346072 
604000 1011 -211871.46293809757 753 523.927248585569 -304.5087525481094 -184.1804775106636 96.08844519309942 
606000 1014 -212589.3972335107 440 529.7857693753291 -116.67025549547265 -186.3514787840071 92.35997855185181 
608000 1019 -213255.48919957245 97 525.1400905969542 -29.963839217181004 -184.0033996855957 92.82397932192565 
610000 1021 -213894.90994161947 1945 536.5455027940748 -619.5039877068 -187.6648456032612 92.25861016625137 
612000 1024 -214732.98756452336 731 540.6066128155879 -374.6133977322804 -190.41383150508423 91.06710143645593 
614000 1026 -215339.47146627627 304 546.5901412205577 -181.2658665075436 -191.79996999789782 94.95518175605145 
616000 1029 -216001.72427428557 92 543.6965064361659 -25.869746098258034 -190.50283938597963 92.59796990410558 
618000 1031 -216574.3289588849 856 553.1288459580861 -258.5148646447325 -193.12729060621498 92.14614297828334 
620000 1036 -217281.4960036244 502 553.2660865947098 -169.41128378287334 -192.74408097868925 93.7660231802633 
622000 1042 -217863.65701723346 179 536.6051444082398 -32.27597491783066 -185.46932568173423 92.3991387787804 
624000 1045 -218454.74960792132 263 537.5424460141708 -61.72978851782015 -185.8060946439486 93.10849400245104 
626000 1051 -219171.17677098187 87 532.9703922257603 -17.78951128214085 -183.48583282604065 91.81893832056798 
628000 1056 -219976.05482930114 166 524.5080084158982 -41.36490025968386 -181.60514236261994 91.62006809039298 
630000 1061 -220658.66260857543 478 516.6637247530847 -117.20887550900754 -179.09038905838977 95.79419898317101 
632000 1066 -221283.87445082798 382 511.16138821255583 -87.40411061296206 -176.79864123553236 95.48166907817325 
634000 1068 -222053.94381000896 498 513.344776587126 -126.04630710036795 -178.19628201697154 94.40758103453891 
636000 1069 -222920.7860412262 1336 521.5713288212547 -518.1570556408147 -181.59588975320997 98.35771241400414 
638000 1073 -223652.67178834675 436 537.5673162960953 -134.3891057798565 -188.35863333457021 95.41503992771159 
640000 1076 -224190.54141650256 791 538.869103434785 -229.97302053135903 -187.5974819140972 92.11229920000824 
642000 1078 -224889.02417044726 199 549.6980082764327 -46.06690300622585 -191.1987934875035 93.22879339274101 
644000 1081 -225574.2678708937 1074 548.9021367326143 -365.5672480680553 -190.4467915955976 92.05048788110328 
646000 1084 -226281.89041839587 1394 556.974685369519 -498.8743680110395 -193.53612507088903 96.41748222900006 
648000 1090 -226955.65660120788 156 542.9927294606955 -49.90103800502324 -188.71858647411838 92.20534691708284 
650000 1094 -227615.96615214655 125 538.4116204489535 -29.64758932879359 -186.8914072569179 94.07550804483293 
652000 1097 -228163.15014388357 288 539.7447529099993 -88.78375603020908 -186.0884435555458 92.05945203642017 
654000 1101 -228953.64138315833 182 542.1881765937813 -61.30228075998161 -187.22709671537942 92.20467453640288 
656000 1102 -229509.57274162542 1072 547.4862948278436 -359.3530825673637 -188.94835657389925 94.63968167456294 
658000 1109 -230181.96684181696 101 539.8321623648507 -37.141775562300424 -185.3945909580226 91.934937118965 
660000 1114 -230682.77487780494 205 532.3330875139741 -29.24597679310982 -180.98202456402285 92.06306385351763 
662000 1118 -231468.31037193417 523 533.0228396769044 -79.62691269234266 -181.93164314900577 93.57802375691907 
664000 1120 -232043.21904888607 957 536.1535851673341 -313.8424450638291 -182.7136018276615 92.43630391845342 
666000 1122 -232715.3571790653 672 539.1638288225041 -314.4654948027208 -183.99312418643433 93.8156185738081 
668000 1127 -233367.9276818719 275 540.3619825173884 -134.8178322768518 -183.33374057188945 93.84411358716902 
670000 1132 -234005.85561140286 293 534.600343293874 -139.74675190370218 -181.20764782234897 94.0056938512231 
672000 1137 -234879.82935784323 356 529.998412599498 -242.24290556319502 -181.28602979087702 92.1655995389055 
674000 1142 -235405.8003542021 493 523.4989106548171 -123.34683449101091 -177.4098491907433 93.57886036809873 
676000 1146 -236182.2366764548 565 522.2781552943636 -230.7224165344515 -177.83460728710637 91.15049928155648 
678000 1150 -236695.84023354558 243 520.170894795926 -93.91166464338082 -175.73783851973948 93.54245743217872 
680000 1156 -237257.57271708045 200 510.44571733152424 -42.559889773381705 -171.4097789861461 92.43248730909247 
682000 1157 -237879.25684222928 1256 517.901260158209 -411.88890191963486 -173.814570215481 92.09981963434105 
684000 1162 -238592.7322051731 823 520.432512479628 -307.6086553303168 -174.42217911439556 94.46993606129571 
686000 1167 -239281.78158282093 410 509.6473269362838 -167.95541115001402 -171.6700937699094 91.7450774646998 
688000 1170 -239830.4074008566 1334 518.8215706789492 -276.65031883122776 -172.92148881166312 95.1336189749169 
690000 1174 -240547.04875837467 100 512.2290088261316 -36.446646195998404 -171.28836042995965 93.28614467413824 
692000 1176 -241181.8697856794 773 527.8133515504916 -175.2020908603624 -176.06567055535004 93.75229384462705 
694000 1181 -241867.0857428409 259 519.7802433617882 -66.08322061905989 -173.8335798824839 92.7678848918582 
696000 1187 -242681.62443166837 78 509.81704096033246 -19.411307780433308 -171.87093477650006 91.29509200622212 
698000 1192 -243329.46342081804 576 505.2492977248369 -220.7112054314612 -169.8704924439365 91.78590317876588 
700000 1194 -243946.80749032885 1422 513.1966367001125 -455.12630440205226 -172.28083227048882 93.02470057681747 
702000 1195 -244466.46513635092 1531 523.3746703331113 -279.44997280310514 -173.35252367581498 92.65785386765225 
704000 1202 -245122.11547003558 120 512.5808703375094 -26.689133055809354 -170.3404940040957 93.17298470658237 
706000 1210 -245822.4455057405 107 491.95116141580434 -32.38786942134011 -163.35684132612622 96.27003578837561 
708000 1214 -246552.2043606876 379 492.0969762708876 -115.88945969690815 -164.05761145764993 95.59985347639844 
710000 1219 -247284.2541649141 350 489.04930353929046 -135.95733934789553 -164.0281531373415 93.79329911251766 
712000 1220 -247895.96878650348 800 492.15881050389754 -232.2358681984911 -164.710230287953 92.95150074629593 
714000 1225 -248445.72098516097 239 497.7010942007261 -112.10484804943434 -165.3611728769254 91.9456286070353 
716000 1231 -249235.75506512838 116 488.39013559596185 -36.350063607465394 -163.57841651110084 95.77285822286143 
718000 1235 -249726.90401626966 299 485.0089409868399 -55.286709574374726 -161.0566526236224 91.80080889248569 
720000 1237 -250453.6197830526 1078 494.1463630612017 -433.8455705933083 -164.00857059708312 92.77109807643639 
722000 1240 -251174.214858879 447 499.78595893192096 -179.29855702884393 -166.41241490344217 92.41151940838655 
724000 1245 -251614.32245717596 75 494.84548020758683 -20.2623985484603 -163.2010509051431 94.05638287993922 
726000 1250 -252275.85907330344 266 492.5641026941025 -87.83332291905242 -162.1401447563733 91.98422600963427 
728000 1254 -252934.4969035655 238 491.998746377185 -72.08828563220737 -161.8656127914361 92.33838510228283 
730000 1257 -253660.82222519338 288 486.57090461103616 -59.435634319737396 -159.3969048339501 93.58156021432866 
732000 1262 -254356.21091167262 615 493.72586742953746 -164.86367250702122 -163.35766551457547 92.34930982363115 
734000 1268 -255028.70451205806 300 484.96112459500824 -148.09432883382468 -160.44141357875276 91.87463056850825 
736000 1270 -255680.89038237583 417 482.04449821556756 -174.05423003487678 -159.88545831584324 92.43209024072016 
738000 1275 -256358.62648928163 94 485.8975426811431 -17.704649041333216 -160.7610333474454 96.01309129991408 
740000 1277 -257109.65638206873 642 499.31978158178833 -317.80657187641447 -166.3020832387084 91.72990996120903 
742000 1279 -257671.1716002977 377 510.6070179283107 -88.39014305858605 -169.39559047458792 92.31881271188966 
744000 1285 -258252.86460705413 282 499.010111515 -110.3919986329064 -164.85589926351855 92.77612684661285 
746000 1289 -258882.28347140594 450 501.088558150964 -85.6677905669757 -164.90252492868976 91.84351192349648 
748000 1293 -259405.45930205274 87 497.276605746469 -10.322876934780867 -162.45675070380747 92.38731862993419 
750000 1301 -259974.72598626005 68 479.11053718228453 -13.192711236362001 -155.60041566934788 93.84634760058613 
752000 1303 -260568.4336522313 1560 490.7004374923571 -437.4937003013569 -158.60425873821336 94.01421742103919 
754000 1307 -261098.4501158601 711 493.77511852041255 -235.7050613946462 -158.3863245729773 92.23525358356491 
756000 1311 -261639.00099945208 560 489.70678420798544 -159.60391880539623 -156.1966903032903 94.58758748475391 
758000 1317 -262250.2925586021 562 480.7936512751564 -195.71308267874838 -153.0872318956801 96.2227956864726 
760000 1323 -262831.8741643591 88 473.1834505761525 -19.523872066906247 -150.45658044934797 92.31447046693907 
762000 1328 -263496.02650373004 550 463.2742364055694 -193.5946352439888 -146.855877162331 91.9251541164681 
764000 1333 -264230.1319757388 1001 468.84161704851687 -409.54724889666306 -150.00587609024544 93.029066228717 
766000 1339 -264962.7905750832 447 454.59445226304507 -163.34651714825893 -146.3862262114132 94.4745262446842 
768000 1344 -265623.3028584571 705 458.8161606103964 -290.0088827350961 -147.75986100931146 92.87786582249565 
770000 1351 -266150.89757982804 342 443.81230912351344 -90.55682926958727 -142.1916866431809 92.95235224866757 
772000 1357 -266659.425426085 272 437.93905260924623 -90.82349967422566 -139.05587888984894 93.21578260547076 
774000 1365 -267287.273375348 209 422.40329413668707 -77.7320366546339 -134.03624253002428 94.91128417511744 
776000 1369 -267975.80217854265 775 429.12599966855794 -253.1461179466557 -136.27183073023116 91.87817616105619 
778000 1377 -268518.63530401094 724 414.83154655017506 -144.34421231554433 -130.9312187398695 91.76553265644503 
780000 1385 -269124.90463001153 127 401.2029218042659 -36.2474295615723 -126.57176666851825 96.57809937804093 
782000 1391 -269744.8729675814 157 392.261480209094 -29.505313754093372 -123.23379281600896 92.871643740047 
784000 1394 -270419.65238095814 612 402.2049189854037 -227.96003265928005 -126.96257096633742 94.50516362107363 
786000 1398 -271116.6645501809 809 408.63968130975206 -328.3075860973155 -129.7271166532432 92.38063761678937 
788000 1402 -271680.44805750216 306 406.0896178938194 -125.7156840115651 -128.58906893953724 93.23433400041175 
790000 1411 -272375.66060887394 94 397.27818078395427 -26.49252919288336 -126.13018508723495 92.17918666161216 
792000 1417 -272947.9492816117 168 393.6658217940196 -41.63124606013129 -124.31086004284295 92.09714509391024 
794000 1418 -273657.9996064802 486 394.58916357607944 -204.60390413968852 -125.1137904838114 95.18225332041686 
796000 1425 -274218.10820652125 360 401.6897289281572 -108.82673701293216 -126.83788440966325 95.79478713156207 
798000 1432 -274890.6887244731 192 393.7824588355461 -75.55198678281 -124.79017449281068 93.6909378537636 
800000 1439 -275495.330556427 84 384.3957986954612 -19.799952227008852 -121.67897062802197 93.80420872853705 
802000 1444 -276019.062320565 196 386.73519797624704 -48.940574711405304 -121.2318546414844 92.48235645817098 
804000 1453 -276533.4745027658 82 370.8047747185823 -10.204130529024635 -115.40734381962524 91.80482434385158 
806000 1460 -277108.1180376237 321 366.56120631566023 -117.86478618044583 -113.2580809768848 93.21721656100185 
808000 1464 -277638.41274995235 877 368.87947547760996 -206.61607134303236 -113.15387693265481 95.23345436620123 
810000 1471 -278221.5625902549 372 366.0747879051901 -112.18858093031685 -112.01637216633367 94.1215735506008 
812000 1478 -278813.11497510725 229 359.32665365094476 -67.9179938152727 -109.77928871893226 92.91800718144367 
814000 1489 -279276.6867914131 133 341.1400616609967 -12.17985948934357 -103.02375030974832 92.93327036094092 
816000 1496 -279857.56072290667 279 338.96119525129353 -119.61386732502358 -101.86639748221259 91.90891711258828 
818000 1499 -280446.2030146659 330 348.4382227911348 -99.20887159809722 -104.64381927633322 91.25477637593903 
820000 1510 -280983.18206901156 73 330.4978737661132 -19.70605776487173 -98.7579271941873 94.25832904691582 
