iterations                = 368
game_id                   = 1
score                     = -86.64517545466238
game_iterations           = 368
game_iterations_smooth    = 368.0
game_score                = -86.64517545466238
game_score_smooth         = -86.64517545466236
fps_smooth                = 1094.0780703538353



iterations                = 955
game_id                   = 2
score                     = -152.83016067817883
game_iterations           = 587
game_iterations_smooth    = 370.19
game_score                = -66.18498522351635
game_score_smooth         = -86.4405735523509
fps_smooth                = 879.534772954432



iterations                = 1136
game_id                   = 3
score                     = -190.9620143690641
game_iterations           = 181
game_iterations_smooth    = 368.2981
game_score                = -38.13185369088528
game_score_smooth         = -85.95748635373624
fps_smooth                = 878.9900641834373



iterations                = 1600
game_id                   = 4
score                     = -245.00928425210998
game_iterations           = 464
game_iterations_smooth    = 369.255119
game_score                = -54.047269883046155
game_score_smooth         = -85.63838418902934
fps_smooth                = 1069.3461347641837



iterations                = 1955
game_id                   = 5
score                     = -325.7269743284571
game_iterations           = 355
game_iterations_smooth    = 369.11256781
game_score                = -80.71769007634711
game_score_smooth         = -85.58917724790251
fps_smooth                = 1111.3157587149142



iterations                = 2480
game_id                   = 6
score                     = -481.7994227448446
game_iterations           = 525
game_iterations_smooth    = 370.6714421319
game_score                = -156.0724484163881
game_score_smooth         = -86.29400995958737
fps_smooth                = 875.6567542028271



iterations                = 2793
game_id                   = 7
score                     = -529.0498533258947
game_iterations           = 313
game_iterations_smooth    = 370.09472771058097
game_score                = -47.25043058105014
game_score_smooth         = -85.903574165802
fps_smooth                = 1053.0285896137327



iterations                = 3068
game_id                   = 8
score                     = -586.5669733187543
game_iterations           = 275
game_iterations_smooth    = 369.1437804334752
game_score                = -57.51711999285962
game_score_smooth         = -85.61970962407257
fps_smooth                = 886.731081219664



iterations                = 3536
game_id                   = 9
score                     = -628.6327240644713
game_iterations           = 468
game_iterations_smooth    = 370.1323426291404
game_score                = -42.06575074571695
game_score_smooth         = -85.18417003528901
fps_smooth                = 1152.0668259545039



iterations                = 3831
game_id                   = 10
score                     = -691.3894350996093
game_iterations           = 295
game_iterations_smooth    = 369.38101920284896
game_score                = -62.7567110351383
game_score_smooth         = -84.9598954452875
fps_smooth                = 900.8702631789132



iterations                = 4630
game_id                   = 11
score                     = -901.7370212580295
game_iterations           = 799
game_iterations_smooth    = 373.6772090108205
game_score                = -210.34758615841946
game_score_smooth         = -86.21377235241883
fps_smooth                = 910.911680354365



