iterations                = 224
game_id                   = 1
score                     = 15.0
game_iterations           = 224
game_iterations_smooth    = 224.0
game_score                = 15.0
game_score_smooth         = 15.0
fps_smooth                = 680.065750236045



iterations                = 707
game_id                   = 2
score                     = 34.0
game_iterations           = 483
game_iterations_smooth    = 226.59
game_score                = 19.0
game_score_smooth         = 15.04
fps_smooth                = 750.5669639600036



iterations                = 1291
game_id                   = 3
score                     = 77.0
game_iterations           = 584
game_iterations_smooth    = 230.1641
game_score                = 43.0
game_score_smooth         = 15.3196
fps_smooth                = 861.2881049350071



iterations                = 1575
game_id                   = 4
score                     = 94.0
game_iterations           = 284
game_iterations_smooth    = 230.702459
game_score                = 17.0
game_score_smooth         = 15.336404
fps_smooth                = 764.8231205743386



iterations                = 1798
game_id                   = 5
score                     = 107.0
game_iterations           = 223
game_iterations_smooth    = 230.62543441
game_score                = 13.0
game_score_smooth         = 15.313039960000001
fps_smooth                = 736.4385161662835



iterations                = 2410
game_id                   = 6
score                     = 152.0
game_iterations           = 612
game_iterations_smooth    = 234.4391800659
game_score                = 45.0
game_score_smooth         = 15.6099095604
fps_smooth                = 736.9279670253065



iterations                = 3411
game_id                   = 7
score                     = 222.0
game_iterations           = 1001
game_iterations_smooth    = 242.10478826524098
game_score                = 70.0
game_score_smooth         = 16.153810464796
fps_smooth                = 745.0966915402829



iterations                = 4125
game_id                   = 8
score                     = 270.0
game_iterations           = 714
game_iterations_smooth    = 246.8237403825886
game_score                = 48.0
game_score_smooth         = 16.47227236014804
fps_smooth                = 1066.3565857308433



iterations                = 4313
game_id                   = 9
score                     = 281.0
game_iterations           = 188
game_iterations_smooth    = 246.2355029787627
game_score                = 11.0
game_score_smooth         = 16.417549636546557
fps_smooth                = 773.1190153747157



iterations                = 4569
game_id                   = 10
score                     = 299.0
game_iterations           = 256
game_iterations_smooth    = 246.33314794897507
game_score                = 18.0
game_score_smooth         = 16.43337414018109
fps_smooth                = 707.5999465673145



iterations                = 5028
game_id                   = 11
score                     = 333.0
game_iterations           = 459
game_iterations_smooth    = 248.45981646948533
game_score                = 34.0
game_score_smooth         = 16.60904039877928
fps_smooth                = 695.7794292391948



iterations                = 5406
game_id                   = 12
score                     = 360.0
game_iterations           = 378
game_iterations_smooth    = 249.75521830479047
game_score                = 27.0
game_score_smooth         = 16.712949994791487
fps_smooth                = 738.1996629039152



iterations                = 6118
game_id                   = 13
score                     = 400.0
game_iterations           = 712
game_iterations_smooth    = 254.37766612174258
game_score                = 40.0
game_score_smooth         = 16.94582049484357
fps_smooth                = 721.8550674832605



iterations                = 6413
game_id                   = 14
score                     = 417.0
game_iterations           = 295
game_iterations_smooth    = 254.78388946052513
game_score                = 17.0
game_score_smooth         = 16.946362289895134
fps_smooth                = 978.0005362863856



iterations                = 7222
game_id                   = 15
score                     = 481.0
game_iterations           = 809
game_iterations_smooth    = 260.32605056591984
game_score                = 64.0
game_score_smooth         = 17.416898666996182
fps_smooth                = 716.8913655332278



iterations                = 7415
game_id                   = 16
score                     = 494.0
game_iterations           = 193
game_iterations_smooth    = 259.65279006026066
game_score                = 13.0
game_score_smooth         = 17.37272968032622
fps_smooth                = 712.6601907971326



iterations                = 8536
game_id                   = 17
score                     = 563.0
game_iterations           = 1121
game_iterations_smooth    = 268.266262159658
game_score                = 69.0
game_score_smooth         = 17.88900238352296
fps_smooth                = 474.42374137120976



iterations                = 8781
game_id                   = 18
score                     = 579.0
game_iterations           = 245
game_iterations_smooth    = 268.0335995380614
game_score                = 16.0
game_score_smooth         = 17.87011235968773
fps_smooth                = 445.39019407919795



iterations                = 9304
game_id                   = 19
score                     = 615.0
game_iterations           = 523
game_iterations_smooth    = 270.5832635426808
game_score                = 36.0
game_score_smooth         = 18.051411236090853
fps_smooth                = 448.39546576045797



iterations                = 9626
game_id                   = 20
score                     = 635.0
game_iterations           = 322
game_iterations_smooth    = 271.097430907254
game_score                = 20.0
game_score_smooth         = 18.070897123729942
fps_smooth                = 608.0854680458656



iterations                = 9798
game_id                   = 21
score                     = 646.0
game_iterations           = 172
game_iterations_smooth    = 270.1064565981815
game_score                = 11.0
game_score_smooth         = 18.00018815249264
fps_smooth                = 471.3740394899653



iterations                = 9960
game_id                   = 22
score                     = 654.0
game_iterations           = 162
game_iterations_smooth    = 269.0253920321997
game_score                = 8.0
game_score_smooth         = 17.900186270967712
fps_smooth                = 456.3189845431932



iterations                = 10516
game_id                   = 23
score                     = 687.0
game_iterations           = 556
game_iterations_smooth    = 271.8951381118777
game_score                = 33.0
game_score_smooth         = 18.051184408258035
fps_smooth                = 509.5813491364885



iterations                = 10722
game_id                   = 24
score                     = 698.0
game_iterations           = 206
game_iterations_smooth    = 271.23618673075896
game_score                = 11.0
game_score_smooth         = 17.980672564175453
fps_smooth                = 455.0068397793862



iterations                = 10954
game_id                   = 25
score                     = 712.0
game_iterations           = 232
game_iterations_smooth    = 270.84382486345135
game_score                = 14.0
game_score_smooth         = 17.9408658385337
fps_smooth                = 440.14121671144653



iterations                = 11769
game_id                   = 26
score                     = 766.0
game_iterations           = 815
game_iterations_smooth    = 276.2853866148168
game_score                = 54.0
game_score_smooth         = 18.30145718014836
fps_smooth                = 435.15761711899785



iterations                = 12042
game_id                   = 27
score                     = 784.0
game_iterations           = 273
game_iterations_smooth    = 276.2525327486686
game_score                = 18.0
game_score_smooth         = 18.29844260834688
fps_smooth                = 438.20736860698577



