2000 6 -842.5668704636985 250 369.51722702259997 -105.97894001436846 -129.7532144902519 858.0331710522223 
4000 10 -1574.3388005837144 273 368.17620703417373 -92.19081686899578 -129.29775204052103 865.124729040458 
6000 14 -2268.685606612638 400 375.8793444939612 -84.18252433912517 -133.18265714771192 862.3911257311739 
8000 19 -3058.3999519035815 210 379.16938265929133 -93.24594398356777 -134.53082887244062 864.256194320497 
10000 23 -3988.3104082775026 178 375.42093991667844 -85.6282735457669 -133.33111001928185 865.7474832378798 
12000 30 -4796.95677670331 208 378.3200091950776 -80.29884408460208 -137.09039108322332 862.3799664729333 
14000 33 -5517.957595917858 750 384.9573406019746 -277.6043029263917 -139.58179251600345 1290.2642834626993 
16000 39 -6198.348442955252 554 383.24789711346864 -129.80503337699105 -138.3849341615646 867.1619861224192 
18000 46 -7017.790715904886 281 377.03034591436307 -95.56417852040656 -137.14675554611648 702.6451099629089 
20000 53 -7633.361987276863 474 370.96533965007103 -86.52116226797554 -133.83653043828778 697.0747183797131 
22000 57 -8531.89438625954 499 367.972805116153 -270.57680891148834 -133.89764559058415 694.9780316580128 
24000 63 -9204.421851129264 374 372.99958482078375 -82.34959907371392 -135.5716135006985 745.9292931992065 
26000 68 -10169.679442209184 371 375.12386892879636 -89.96984486754286 -138.770302636121 686.3024531498254 
28000 70 -10940.610362365838 596 375.79690393711326 -370.39486647408967 -140.55426294826384 1095.4036526377904 
30000 76 -11633.911692629728 527 382.7319836651716 -173.11333483936633 -141.36505921694368 692.8404820835941 
32000 79 -12659.638524322158 756 386.4010400183323 -266.9092584722192 -143.5427871587411 692.9850831730657 
34000 84 -13457.268628478007 422 392.79594170924577 -168.86103449019737 -148.68455849989903 753.8826029552098 
36000 90 -14156.545107220827 244 387.7518486226172 -96.68801583063095 -145.98532947125832 694.9843008051612 
38000 95 -14867.532718369925 343 390.19486537513995 -109.80707920967475 -146.14319940078974 982.1618405133376 
40000 101 -15781.274781229356 314 387.53631445690786 -106.68856171218104 -147.02170155461906 699.4189591469468 
42000 105 -16693.31187301822 489 389.4949855374111 -315.8088539462643 -149.52680583056656 692.1759893335771 
44000 111 -17442.5034011016 236 387.6003070372231 -111.41115481736027 -148.1632666296093 750.0401449538098 
46000 116 -18144.055271691097 334 389.56639801708405 -97.45086900558809 -148.32570559768683 688.3283132090058 
48000 124 -18950.46262415312 279 379.2165000066185 -154.14689374891367 -144.67512673238548 683.7105568848908 
50000 128 -19946.320476210865 386 379.95486372252276 -207.62272994760582 -146.87348425563647 698.0856983650401 
52000 132 -20693.93058808683 192 384.8556049019491 -93.45851038931686 -150.3366555662258 694.9635625804927 
54000 136 -21414.39721952593 165 390.4379980849488 -80.73147974737736 -150.92827546931684 694.0401170716493 
56000 138 -22533.33802504047 347 393.8800819230583 -86.1717936612614 -151.94883422332182 694.5613191684262 
58000 143 -23277.76468209041 282 403.2560051905253 -78.79186223174281 -158.53248985551448 699.7278131023486 
60000 150 -24038.98140434435 418 396.1079857199722 -160.99498760118843 -155.81173607263554 697.205677174693 
62000 153 -24892.111820596063 1075 404.0345654361033 -613.7706108636094 -159.52891496772494 695.7520650489624 
64000 157 -25762.231563170273 321 406.34326859000475 -121.39894828863791 -161.2839880473792 723.5190574357283 
66000 163 -26582.09960523815 261 403.19057694217634 -89.80341053933013 -160.43639061818644 694.4297896232843 
68000 170 -27445.248158144284 185 396.0515964790503 -85.42111599802801 -157.9242507931082 695.4523266320691 
70000 175 -28034.148493988287 703 395.6194621000867 -131.3794447876984 -155.55716821581441 699.2373612494121 
72000 181 -28894.551375755724 521 391.27729849480687 -253.01767150372282 -154.30847673062462 697.1605795706336 
74000 185 -29716.72387977187 289 393.2810415976905 -125.14866380127137 -155.48734529458142 702.8769476566571 
76000 192 -30411.716689965448 528 388.15745382735827 -179.84289677947982 -153.1739164919026 699.5399653083871 
78000 195 -31386.499536282423 172 391.835361291232 -78.75754570637966 -154.6053360703065 695.3642479999659 
80000 197 -32633.806103080457 692 399.94703760153646 -437.03162299594413 -161.03122333256226 1126.4915189290336 
82000 204 -33514.255309974564 190 402.11632552653924 -86.01954602912295 -165.16781125856937 725.9931250483937 
84000 210 -34331.59391033794 571 398.09588311178226 -375.04951149255714 -163.5480011628212 693.0775760656976 
86000 215 -34926.255298088516 519 396.99711572105826 -221.14954415001364 -161.15975941318297 700.5561578636162 
88000 221 -35768.363127541044 192 392.154305321017 -77.24863442955044 -159.57935852807893 697.1369209369276 
90000 230 -36520.625554527265 286 379.8624498600225 -78.90310209397623 -153.53897768268968 691.2613163323241 
92000 234 -37310.227806878574 401 384.77868490436254 -215.8931466120946 -155.29844375919055 690.5196381338402 
94000 239 -38027.23968694807 253 380.601064936356 -88.13507758842192 -152.327869668891 697.0319732904837 
96000 242 -38638.68304769157 189 391.00999870668136 -93.4312590987393 -155.80625045301963 696.5394489965347 
98000 248 -39413.985971976734 207 385.9662907511481 -78.90624296689415 -152.95983297259207 695.5264296694296 
100000 254 -40030.39577556106 340 384.3438266410336 -83.48434413221267 -151.27723004004423 697.7008118082763 
102000 257 -41040.48811867626 252 393.59513064596825 -115.07886878920398 -156.54650661295193 696.2402465866543 
104000 263 -41749.16825767615 220 389.71378001558827 -88.80158806184647 -154.81247731970836 696.5512848313884 
106000 267 -42832.98394783211 983 395.83880024499183 -562.7369672301189 -159.54939473189623 696.9373182010809 
108000 273 -43753.9633392582 593 392.18743644373257 -379.4114109796792 -159.2152202409268 692.7213355080352 
110000 278 -44692.856189286875 249 390.0014560877783 -115.68703043130567 -160.3102321267842 697.9898849985964 
112000 283 -45509.8262778725 172 391.861256301389 -80.55353289319808 -160.07127543852613 697.7546053890267 
114000 289 -46344.6646503266 200 387.6660813419823 -81.69961533781 -158.42973390032813 695.7285692639394 
116000 295 -47066.301395256465 176 382.4284702050716 -82.39231366156633 -155.84177488384762 698.4019949095085 
118000 299 -48107.0289901713 542 384.16684945939573 -269.9571594911 -157.32924234006398 719.214352009524 
120000 303 -49006.95051396229 291 395.25054109496625 -86.73876176402844 -163.92605443150367 699.4263923186948 
122000 308 -49833.27765876467 201 393.6372826384039 -94.97975792578697 -163.61801409698825 937.5102540323765 
124000 314 -50561.39395862242 203 388.9748267622371 -79.62326946909675 -160.11242409498348 694.7699729270155 
126000 319 -51470.98239813455 380 385.4391635126637 -115.06461880256349 -158.44094118407853 699.0353646596418 
128000 323 -52179.82962878673 209 392.43872549800227 -73.33010115954256 -162.13185227986276 698.6187417674043 
130000 328 -52885.51084642894 456 396.19158981823756 -130.87157293511723 -162.03493146683215 732.4744261923609 
132000 331 -53772.93965017232 707 405.55319440904606 -270.29970013989504 -166.14034850467655 691.704565935738 
134000 336 -54533.36143420234 843 403.1310607307631 -378.5725565146334 -165.28233255622845 834.878189027119 
136000 341 -55392.278131712366 197 404.58285623738834 -76.01694496089576 -165.8406509672841 700.5452424064075 
138000 347 -56178.64022693146 335 400.4342748031396 -180.79596614281456 -163.6346466526788 706.1208424767705 
140000 354 -57107.22813880802 205 392.1921620714255 -93.68741047995064 -161.68467262608826 907.6046326849674 
142000 359 -57734.46276368462 283 391.2988091439939 -111.56544372110935 -159.8905786575123 728.2956710980358 
144000 364 -58639.1829983062 335 392.59523651565735 -104.08849271658764 -160.59675093352078 704.7786913292505 
146000 369 -59661.11777178414 586 394.0911842681272 -276.1234259353738 -163.00839209390824 699.6943460548993 
148000 374 -60298.302491145405 294 391.81710190969636 -113.91780949840899 -161.08589030920868 716.9060585543826 
150000 380 -60953.64618542298 257 390.0332696201717 -100.35130704023008 -158.08624726052398 707.5265676666543 
152000 384 -61959.518532437825 268 386.8942702543912 -114.79950424660146 -156.7868102007674 700.6545281709801 
154000 388 -62372.29691853953 340 396.7586508282298 -99.454709647707 -159.5521542940572 781.030640732008 
156000 394 -63206.09002657494 249 395.460910886626 -101.4006711735697 -158.50126798745197 701.5804106677377 
158000 398 -64086.31016961822 260 398.3392482286585 -127.25339905449127 -160.22638526329288 752.360786493537 
160000 401 -64809.96467989774 470 401.8778992170191 -104.06273813721181 -161.47174713483895 700.304777777263 
162000 408 -65642.91058147824 193 398.59762417478703 -88.9183852651226 -160.2267592305753 700.8828422792801 
164000 413 -66447.26834040227 272 399.20354714320223 -130.36583592936827 -160.288826804675 703.1670675772274 
166000 417 -67173.31787578162 195 396.2916753436069 -73.82127245955371 -158.59371081581395 702.8840856477781 
168000 421 -67836.56051356415 170 398.0130204712842 -81.29891337537947 -158.77614717528724 701.2783748217489 
170000 426 -68618.58989136068 315 403.91378181453626 -153.0169032898682 -160.06310405516965 706.7756360623259 
172000 430 -69548.63882494856 243 410.93642208505406 -115.1406328939704 -164.1763130667667 700.8760894981633 
174000 437 -70102.37240640727 256 402.2368457692916 -79.56901201342727 -158.3854353273546 700.9039649398526 
176000 444 -70788.01126592458 229 394.0967135956485 -81.45838546507636 -154.16644105459375 792.1157803497274 
178000 450 -71458.53850535315 594 389.70786316923625 -146.6745862694437 -151.12059807826543 700.1644841091693 
180000 452 -72304.78086162088 234 387.5200766921684 -110.60061894799054 -150.75586142924652 706.5603457683386 
182000 456 -72783.12637619113 242 401.11421757539097 -106.42879979143669 -154.26664592068826 704.5525051860283 
184000 460 -73639.24283682926 197 403.79176152719253 -90.73995401892398 -155.4200596661898 702.8800122073976 
186000 463 -74265.35487625207 183 407.78396041807343 -79.38852929034991 -156.65343845755072 706.6243867107285 
188000 467 -75087.60254927732 879 420.2746523795993 -436.9088478678949 -161.21492674822215 708.5369867801982 
190000 472 -75870.95372371428 761 421.17506491188027 -315.45613996107915 -161.38801637975857 812.6817760553414 
192000 476 -76478.46481960126 303 420.6907132258431 -76.23480195633658 -159.37295286757535 1127.152779723209 
194000 479 -77205.88373741497 214 426.37328335232235 -81.88477697041094 -161.2655337924003 704.7177012886553 
196000 485 -77835.01347122631 289 424.9210390737283 -76.36841211141669 -159.92336641638022 705.1862264724065 
198000 490 -78375.1514940846 423 421.34775041898473 -159.91736631167842 -156.85983518347186 704.1919367142874 
200000 495 -79158.34388221917 250 423.987690832403 -79.01815925043086 -157.49455402102183 721.3653904025999 
202000 498 -80113.89637375507 317 428.2780154269898 -106.17746565846286 -160.96706199417676 715.4819862543136 
204000 505 -80961.39852067205 358 420.28108090465537 -112.44948430110065 -159.31850969672075 703.1823874650029 
206000 508 -81664.70323028858 1139 428.4482775207061 -410.24746637663395 -161.70957797534822 698.7829964355924 
208000 513 -82644.9256248187 786 427.64403647508544 -547.9553359933957 -163.45127852494724 712.8472399648767 
210000 517 -83766.38380547514 221 427.6339750782615 -111.25247940819231 -166.42836590359076 722.7362277565524 
212000 522 -84443.40658383527 488 426.78619675551124 -228.09149836950303 -165.88547782963772 715.5186044541153 
214000 527 -85363.47533349495 423 427.63898480405487 -120.01425759517035 -167.36522297132336 694.9529821079481 
216000 531 -85953.66307754407 425 426.8854959032258 -150.11894652683338 -165.50199128935722 701.2255774093192 
218000 539 -86608.2543460138 203 414.8152227253601 -76.14786785517555 -159.9066748219952 702.8590318759519 
220000 543 -87359.26463097599 409 412.3100687572422 -138.5578065719896 -157.82033424993838 758.4708281504422 
222000 546 -88003.29038604349 918 426.7956584050833 -299.2323390071682 -162.84436475124375 696.60236690105 
224000 552 -88771.51211096646 586 422.1718304463449 -227.51569113553018 -160.83263842423278 689.0926980261409 
226000 555 -89367.8440084113 202 428.477063910258 -75.68336076002728 -161.75328148325318 697.2539267410986 
228000 560 -90128.55045534678 245 426.2226997777217 -80.65273115662383 -160.78627472674432 693.917367425086 
230000 563 -90576.40936472024 404 426.04073437162356 -93.86660422620454 -159.7647101736024 694.8671849305158 
232000 566 -91231.93260606141 1273 441.08540152005196 -438.9369163239775 -162.36005208228974 774.5499935518072 
234000 570 -91794.71030220912 335 444.7147323894099 -72.04161289017955 -161.9700788470205 693.9813607301018 
236000 575 -92350.83183197858 568 439.4804458956701 -206.61375230677714 -159.09550298051653 696.4212441177941 
238000 579 -92962.68292371153 510 440.0029995804016 -175.47793831747168 -159.05647367675294 701.9978877959137 
240000 585 -93785.92184136878 279 435.1791142513956 -67.28725618490633 -156.43443305648995 703.1889237633512 
242000 588 -94448.7988711132 630 438.587014379015 -165.0389501933214 -157.93911285226662 703.0215568244305 
244000 590 -95000.85557431569 298 440.98683279287263 -99.90106655274975 -158.50254555977577 908.4164600423563 
246000 593 -95746.79139098237 171 457.7673548720915 -78.36091045934427 -162.86333867756304 703.522133045742 
248000 599 -96530.77320727121 204 451.67653641617835 -99.97335146984639 -161.15451426970114 709.289390585151 
250000 603 -97135.34896744689 384 451.9112909720006 -69.61743347569573 -160.58906117712053 872.2284961305894 
252000 609 -97774.563577369 250 450.1905379108718 -80.65577045124891 -159.26580344743047 704.785469744115 
254000 613 -98523.61109315777 240 451.10099545693714 -87.33804966669584 -160.3549355008367 701.4036998350475 
256000 616 -99323.49984817102 737 454.7317797908707 -252.28127527837032 -162.91920249632517 703.2675845267031 
258000 623 -100095.25961547338 332 446.63969594908116 -139.7448273414318 -159.97905148245368 701.1557643669992 
260000 628 -100685.97622157523 515 444.1925577754375 -105.62555054678671 -157.90037573091433 701.4026938084005 
262000 633 -101146.35420728261 217 440.9342045486718 -81.38260081657504 -154.62675347686266 705.0356054640205 
264000 638 -101870.97808415953 451 440.3544044006582 -149.81418932753203 -154.2041228958423 703.9453659737484 
266000 643 -102652.06056260069 589 438.17131616216665 -187.00154535547236 -154.27433119901204 700.9613679145485 
268000 648 -103487.24433098682 474 431.4356357649075 -128.58937135089496 -151.44773963892908 701.7664896355698 
270000 653 -104280.8356440887 428 434.02775560730754 -132.23286977194567 -155.19051182622883 702.2206222551214 
272000 657 -104862.99000123196 703 436.1582336156347 -213.5119065338951 -154.7204620861374 703.4552814704979 
274000 662 -105589.7092269325 361 432.0278931338283 -137.15754762990832 -154.08178532102173 703.7648260063173 
276000 665 -106436.37495818114 900 439.6375636798604 -375.5025040614686 -156.32389192012135 705.566516578178 
278000 669 -107308.75818345178 539 443.8705915169948 -177.43411113896877 -160.30143609909834 754.6183954264054 
280000 675 -108186.17511412414 239 437.81019731868946 -91.03416799030298 -159.75861454609702 708.0526927380822 
282000 681 -108916.26986294248 236 432.6149982754391 -131.98955761365272 -157.52860391358564 701.1054823333799 
284000 686 -109341.49730139348 278 430.95936482044823 -75.59004997355632 -153.97575726267647 698.2545300665254 
286000 690 -109672.53064463098 217 431.3707040786569 -77.83154580748479 -151.21588499168794 722.7242987513507 
288000 694 -110228.497897244 400 431.7992393588485 -126.74495149014767 -148.68818667500148 705.9763021386649 
290000 697 -111030.05215238042 596 440.7310081506513 -193.08088961694125 -153.79494177191182 722.4608375975629 
292000 705 -111899.66454192453 289 427.2445322514308 -90.19402892043185 -150.31499249670912 754.4285373750006 
294000 710 -112568.47913241934 341 423.44726121669026 -80.77299735181762 -149.19447858535722 704.4552622101793 
296000 716 -113097.74043910124 395 421.0428005811498 -71.18360734895154 -146.33999359717205 735.7476502407553 
298000 721 -113676.68498180847 581 421.0943325199034 -202.92329150701036 -144.814431462388 699.1202566947702 
300000 724 -114454.65772704472 573 421.7096407497298 -386.31147916706163 -146.63821733025105 705.8635534074465 
302000 729 -115289.69501852941 183 426.8372037446966 -83.27810621853416 -149.13770065072399 741.4495941867199 
304000 733 -115878.46559339324 501 425.49702130671255 -223.00987914339802 -148.682118074874 703.6668593312505 
306000 738 -116550.94711665958 455 425.22439760467194 -123.67182863508322 -147.51975360129524 702.9769600701459 
308000 744 -117104.16997650175 194 420.7780967789127 -78.645154682829 -145.14160479085066 723.7664660315093 
310000 748 -117852.2932448945 208 420.8397352112173 -81.11140538800998 -144.0092971685516 864.7792582146993 
312000 753 -118458.51450962822 201 423.1259895492183 -72.57580730243264 -145.65182588154227 713.6731971786347 
314000 758 -119059.82620081393 269 421.3905628040979 -77.10937821334713 -143.56267758402592 804.4319904306731 
316000 764 -119800.42136593557 348 417.22876563598857 -158.158655043068 -143.05248981183763 821.6672488285419 
318000 769 -120347.407335249 478 416.6646538481841 -130.379971939608 -141.58916659934144 701.2648229556248 
320000 773 -120989.04781983617 279 419.0170988345968 -106.36963346028276 -141.9483602789445 705.1586670482922 
322000 778 -121925.1408412011 458 420.02049757986646 -236.68825890694905 -144.48894969727283 699.6640884934401 
324000 781 -122313.05104347825 884 422.72701278124686 -178.93138115501225 -143.8543065647249 874.3811292831058 
326000 784 -122866.65379252595 283 427.962477774631 -115.26958625107605 -144.88121493703036 703.5360500616092 
328000 787 -123491.72526637226 232 440.0570382222466 -75.09270031418758 -146.78977812089823 763.666636910297 
330000 791 -124151.65399355159 367 441.6491681287076 -104.01248383338567 -147.63634832785368 702.0906045617937 
332000 794 -124782.4051002145 282 444.1104701861168 -123.87050209546815 -148.1522029516612 703.8206022422738 
334000 800 -125355.94496865499 400 442.93166213067263 -95.19985652527686 -146.594785452876 785.4186478228246 
336000 803 -125916.45596756188 227 448.17295183372954 -95.84882099741134 -147.7101039036737 709.3579658610824 
338000 809 -126602.64403039298 207 443.3522662493079 -81.6965383302523 -145.6984637220155 786.7649614384088 
340000 813 -127227.3337770016 1264 445.6441542535428 -355.39472859645053 -146.07587111791327 833.4310446267975 
342000 820 -127968.69619100005 312 433.7989714733923 -104.64476117393227 -143.49527657452435 759.1132287262163 
344000 822 -128617.0226036486 938 445.07007194107183 -519.2776698403552 -146.91895052022775 703.3390438724061 
346000 826 -129420.24747595942 235 446.13274474700654 -107.21758552015578 -148.5743358794661 701.9303031672937 
348000 833 -130024.2241142114 424 437.07054989105757 -141.77439881530427 -145.0025589236793 787.1613758576299 
350000 839 -130619.16226080855 444 431.70366738011603 -163.20893922766436 -142.31048890866836 700.4398981342051 
352000 843 -131084.96888377517 211 434.5713156377066 -87.96450170366919 -141.27577283560265 700.3156616114613 
354000 847 -131662.9147380403 225 436.25255777203154 -82.28461640008403 -141.24242180807272 703.734597726733 
356000 850 -132384.10892996917 533 440.3702855536444 -125.19063062232968 -144.4157527312302 705.2855364145793 
358000 853 -132773.20628751794 435 442.9668437024156 -69.01962850530123 -142.8650424535253 706.6176558745716 
360000 857 -133250.93935911963 295 451.4069087128341 -71.95807407428367 -142.9913362975044 705.4122761675659 
362000 859 -134017.247389454 272 457.0338112294487 -95.63716238840937 -146.9268253439696 705.3147391481442 
364000 862 -135023.9053904699 301 468.8325600021229 -86.4011271544625 -153.21940751248007 707.2428168687329 
366000 865 -135684.2036977025 338 475.2762631374998 -96.9067671686557 -155.21973225801378 703.650499743717 
368000 867 -136070.83096630778 362 479.0808655010636 -85.87987847754002 -156.21991627955884 703.9225816314879 
370000 870 -136691.8775433233 504 488.49596271481647 -130.16922212997562 -157.65415001950552 820.6816813481914 
372000 874 -137131.72026702706 263 490.38449900496147 -87.95127006987062 -155.52928028519244 751.4681004559208 
374000 878 -138026.52622491852 536 489.5694870800149 -242.31023368050944 -158.36814159544062 704.2492223878482 
376000 881 -138528.966798902 845 490.31512974425135 -240.5894978798168 -157.52857937926117 702.903981086991 
378000 887 -138944.93562126203 331 486.5105485581114 -74.78782000677401 -153.45720173538442 702.550033551494 
380000 891 -139557.65358121062 718 486.17587260783307 -348.0714995208279 -153.51884000792077 704.178357904625 
382000 893 -139838.9071748091 1182 498.5377727429372 -74.69010189360264 -153.15310684803472 699.6824936270609 
384000 895 -140058.22088681522 192 504.67407106535273 -77.28863252747132 -151.36362893760736 714.166387086715 
386000 898 -140236.8941289895 412 513.3600184806407 -76.93012432825304 -149.54471517436536 928.3116489656734 
388000 900 -140429.458069923 1451 523.1882541128759 -111.37875036531864 -148.49176381164432 1018.5380933417737 
390000 903 -140894.13439375022 650 524.8413367774693 -223.2351023255492 -148.84533323719967 744.4160810059844 
392000 907 -141274.49455203398 279 521.5376004815032 -69.50476386419453 -145.99563534260687 723.6266336283197 
394000 909 -141586.87559436102 308 526.5447022319212 -80.77818004800383 -145.6181776008708 705.7406376745187 
396000 913 -142070.99900350408 454 529.2256282006215 -92.60483675738834 -143.7355034211285 707.4282353905734 
398000 916 -142557.54257288488 186 526.2380898174348 -75.35639870240703 -143.96299953944987 811.1972477327341 
400000 917 -142896.58126515124 2578 546.7557089192604 -537.9429572933019 -147.90279911698838 708.2211688964289 
402000 920 -143257.5212414843 550 554.5146676086495 -209.27762606959095 -147.53879743251312 708.0013168945995 
404000 923 -143681.66520333025 667 554.851637466005 -92.87549121529523 -147.56469608723523 705.2306127705701 
406000 925 -143870.05691977893 264 557.9142898804315 -89.83896239711345 -146.3892351263928 702.8784751579919 
408000 927 -144253.3118040308 1367 576.5890955118109 -117.28709167831897 -146.89406001684404 709.1091612444632 
410000 929 -144485.48403902468 351 580.2475725111258 -75.62502085308404 -146.6049277868177 708.800801030467 
412000 929 -144552.6247347074 351 580.2475725111258 -75.62502085308404 -146.6049277868177 719.7138383647124 
414000 930 -144621.56693659548 2854 602.9850967860145 -163.48990981496337 -146.7737776070992 708.7146692054604 
416000 931 -144785.0677345146 3589 632.8452458181544 -135.45027239454663 -146.66054255497366 854.8820416241447 
418000 932 -144967.7073751751 1250 639.0167933599728 -175.74992451090122 -146.95143637453293 706.3465215415284 
420000 934 -145169.32073133858 410 645.1810591721093 -75.66351814310286 -145.69187471912457 703.0122381028627 
422000 934 -145416.7476683611 410 645.1810591721093 -75.66351814310286 -145.69187471912457 702.6037561631008 
424000 934 -145523.3850301809 410 645.1810591721093 -75.66351814310286 -145.69187471912457 705.5895061609157 
426000 934 -145555.76732547628 410 645.1810591721093 -75.66351814310286 -145.69187471912457 738.1741608590409 
428000 934 -145553.20820149372 410 645.1810591721093 -75.66351814310286 -145.69187471912457 718.7702190072828 
430000 935 -146157.40782393224 10515 743.8792485803881 -925.4843079670022 -153.48979905160334 703.5529602045552 
432000 936 -146665.97850301178 2338 759.8204560945842 -576.2567341215276 -157.7174684023026 704.9677981638375 
434000 938 -147125.56746357976 934 758.029729018302 -256.0410742316694 -158.26878388887386 704.8666646996675 
436000 940 -147360.2407047367 908 762.6377374108379 -60.768815326555575 -158.06207095493747 707.1858039669136 
438000 943 -147504.97618319525 556 757.8022399719983 -62.09125083942368 -155.4841192208949 746.3689829624948 
440000 943 -147483.63961265204 556 757.8022399719983 -62.09125083942368 -155.4841192208949 707.1426221441427 
442000 945 -147595.1407276209 511 788.1447753965556 -54.43841096043418 -153.31386251967464 892.0537613779213 
444000 945 -147575.66415348652 511 788.1447753965556 -54.43841096043418 -153.31386251967464 708.3003514643897 
446000 946 -147874.09736977008 3052 810.78332764259 -52.48787776820846 -152.30560267215998 706.6159955970685 
448000 947 -147974.46836887163 3176 834.4354943661641 -322.50195609122403 -154.00756620635062 808.7632822525902 
450000 948 -148521.7531911032 1835 844.4411394225025 -478.39813676806097 -157.2514719119677 704.3219032889539 
452000 949 -148597.57574781464 676 842.7567280282774 -142.09170524551314 -157.09987424530317 701.2941431400311 
454000 950 -148634.41356974337 1884 853.1691607479946 -91.7634287905615 -156.44650979075575 708.7117320913322 
456000 950 -148647.69195742614 1884 853.1691607479946 -91.7634287905615 -156.44650979075575 873.7866388641277 
458000 953 -148926.86302864007 700 882.8854665046184 -106.45148198645013 -154.21286683422665 704.6613650436634 
460000 953 -148854.06617929816 700 882.8854665046184 -106.45148198645013 -154.21286683422665 710.8047461481517 
462000 954 -148960.27243105136 4057 914.6266118395723 -25.338992225157515 -152.92412808813597 711.1854117065627 
464000 956 -149134.33427988229 292 912.5323422639649 -75.65586197926831 -151.58554523668863 703.4308792692312 
466000 956 -149058.9749082394 292 912.5323422639649 -75.65586197926831 -151.58554523668863 702.4856481172283 
468000 957 -149214.61639309218 3569 939.0970188413253 -109.12157032772558 -151.160905487599 705.3861563802085 
470000 958 -149398.02707371535 2755 957.256048652912 -158.87824660534608 -151.23807889877645 797.4127448305892 
472000 959 -149485.97615228954 2121 968.8934881663829 -61.63544565862425 -150.34205256637492 703.3502221450069 
474000 960 -149587.33848786616 811 967.3145532847191 -182.26770003090496 -150.66130904102022 704.163283802561 
476000 960 -149562.9378574135 811 967.3145532847191 -182.26770003090496 -150.66130904102022 704.322098298614 
478000 961 -149783.06027631048 4919 1006.8314077518719 -151.4028660373572 -150.6687246109836 709.7680057595725 
480000 961 -149930.5021855994 4919 1006.8314077518719 -151.4028660373572 -150.6687246109836 706.5271739519287 
482000 961 -150021.845529663 4919 1006.8314077518719 -151.4028660373572 -150.6687246109836 705.1260353342844 
484000 961 -149953.5406483628 4919 1006.8314077518719 -151.4028660373572 -150.6687246109836 706.5140126766728 
486000 961 -149897.98068433104 4919 1006.8314077518719 -151.4028660373572 -150.6687246109836 712.0994397060371 
488000 962 -149812.85609219605 9934 1096.1030936743532 -17.661122946375226 -149.3386485943375 744.4994657939109 
490000 964 -149923.74468705824 611 1093.8646421102333 -59.60279676368987 -147.6912464153218 707.9128356571614 
492000 964 -149849.25728816845 611 1093.8646421102333 -59.60279676368987 -147.6912464153218 706.1984815971936 
494000 965 -150223.57216139155 4198 1124.905995689131 -288.12167554555265 -149.09555070662412 706.3386994330467 
496000 965 -150115.52905653184 4198 1124.905995689131 -288.12167554555265 -149.09555070662412 705.8393375381618 
498000 965 -150033.22143719404 4198 1124.905995689131 -288.12167554555265 -149.09555070662412 709.6093947271496 
500000 965 -149931.17190197765 4198 1124.905995689131 -288.12167554555265 -149.09555070662412 739.8395969050725 
502000 965 -149815.70877203878 4198 1124.905995689131 -288.12167554555265 -149.09555070662412 714.259526812776 
504000 966 -149785.88566344802 8802 1201.6769357322396 372.47564810460216 -143.87983871851185 710.4478816916293 
506000 967 -149997.27121325294 3492 1224.5801663749173 -129.31722187995643 -143.73421255012627 702.9412469511411 
508000 967 -149859.1217709839 3492 1224.5801663749173 -129.31722187995643 -143.73421255012627 706.1311530667109 
510000 968 -149838.94619393937 2198 1234.314364711168 61.175266196315974 -141.68511776266186 701.2876097126049 
512000 968 -149929.70448751838 2198 1234.314364711168 61.175266196315974 -141.68511776266186 699.6761550700904 
514000 968 -149814.77900924598 2198 1234.314364711168 61.175266196315974 -141.68511776266186 699.4296001163865 
516000 968 -149721.42792490436 2198 1234.314364711168 61.175266196315974 -141.68511776266186 704.501751879837 
518000 969 -149646.0591141859 9603 1318.0012210640564 280.27221514294496 -137.46554443360577 704.5089269814163 
520000 969 -149600.07386077367 9603 1318.0012210640564 280.27221514294496 -137.46554443360577 710.6580076017757 
522000 969 -149486.39000880765 9603 1318.0012210640564 280.27221514294496 -137.46554443360577 706.1331228559856 
524000 969 -149669.12444482298 9603 1318.0012210640564 280.27221514294496 -137.46554443360577 708.5400496084924 
526000 970 -149669.59952279384 6314 1367.9612088534159 -85.80472417068322 -136.94893623097653 708.1173573791935 
528000 970 -149576.73942397404 6314 1367.9612088534159 -85.80472417068322 -136.94893623097653 711.2459885659125 
530000 971 -149517.72067527 5607 1410.3515967648816 198.79378060427973 -133.59150906262397 703.2593807112555 
532000 971 -149415.16802914962 5607 1410.3515967648816 198.79378060427973 -133.59150906262397 708.4751027389042 
534000 971 -149297.9147313297 5607 1410.3515967648816 198.79378060427973 -133.59150906262397 713.6754757361153 
536000 971 -149197.76087246998 5607 1410.3515967648816 198.79378060427973 -133.59150906262397 707.3299337863243 
538000 971 -149235.13156179417 5607 1410.3515967648816 198.79378060427973 -133.59150906262397 705.6481259934329 
540000 972 -149176.35995191557 9567 1491.918080797233 308.70599276843103 -129.16853404431342 706.5430541369723 
542000 972 -149044.25100217774 9567 1491.918080797233 308.70599276843103 -129.16853404431342 703.9164973340605 
544000 972 -148919.82292066916 9567 1491.918080797233 308.70599276843103 -129.16853404431342 704.4530951884726 
546000 972 -148825.32574356254 9567 1491.918080797233 308.70599276843103 -129.16853404431342 709.8282249069135 
548000 972 -148700.3959658606 9567 1491.918080797233 308.70599276843103 -129.16853404431342 706.0477715521978 
550000 973 -148742.02749510558 9477 1571.7688999892605 408.12190033977856 -123.79562970047249 705.6699345775531 
552000 973 -148793.18325935482 9477 1571.7688999892605 408.12190033977856 -123.79562970047249 709.0651858487761 
554000 973 -148665.6262294201 9477 1571.7688999892605 408.12190033977856 -123.79562970047249 704.7856117541311 
556000 973 -148553.392589068 9477 1571.7688999892605 408.12190033977856 -123.79562970047249 710.4107814130494 
558000 973 -148436.5841593706 9477 1571.7688999892605 408.12190033977856 -123.79562970047249 707.8023401841444 
560000 974 -148281.68558997824 9503 1651.081210989368 407.0282583161261 -118.4873908203065 705.6531228197144 
562000 974 -148323.10105124893 9503 1651.081210989368 407.0282583161261 -118.4873908203065 705.8831468258363 
564000 974 -148187.05597197742 9503 1651.081210989368 407.0282583161261 -118.4873908203065 705.0578402600026 
566000 974 -148067.68661612854 9503 1651.081210989368 407.0282583161261 -118.4873908203065 706.1643066587604 
568000 975 -147956.65105657457 9473 1729.3003988794742 445.6945133994929 -112.8455717781085 708.1510508676159 
570000 975 -147813.43633157533 9473 1729.3003988794742 445.6945133994929 -112.8455717781085 706.2594003608903 
572000 975 -147686.8680545951 9473 1729.3003988794742 445.6945133994929 -112.8455717781085 709.5006577353852 
574000 975 -147573.52680585432 9473 1729.3003988794742 445.6945133994929 -112.8455717781085 707.2246538998704 
576000 975 -147427.44970915053 9473 1729.3003988794742 445.6945133994929 -112.8455717781085 722.0632592310347 
578000 976 -147760.0777196233 9601 1808.0173948906795 166.29255408886593 -110.05419051943876 702.7961617629028 
580000 976 -147636.44901523824 9601 1808.0173948906795 166.29255408886593 -110.05419051943876 706.9471013956866 
582000 976 -147524.49979200173 9601 1808.0173948906795 166.29255408886593 -110.05419051943876 707.7571105445825 
584000 976 -147392.13821597243 9601 1808.0173948906795 166.29255408886593 -110.05419051943876 704.9148340881969 
586000 977 -147330.32505527377 6747 1857.4072209417727 358.39790102020226 -105.36966960404234 710.693668567979 
588000 977 -147284.916416644 6747 1857.4072209417727 358.39790102020226 -105.36966960404234 698.0323535645384 
590000 977 -147143.13523096044 6747 1857.4072209417727 358.39790102020226 -105.36966960404234 702.4497758678881 
592000 977 -147010.81326717502 6747 1857.4072209417727 358.39790102020226 -105.36966960404234 699.6276925703592 
594000 978 -146886.4845463032 9393 1932.7631487323551 529.3256974687941 -99.02271593331399 714.4771143941397 
596000 978 -146732.92960057358 9393 1932.7631487323551 529.3256974687941 -99.02271593331399 699.7770241634233 
598000 978 -146773.80010528056 9393 1932.7631487323551 529.3256974687941 -99.02271593331399 698.4064331960154 
600000 978 -146630.1264045649 9393 1932.7631487323551 529.3256974687941 -99.02271593331399 698.2579571814617 
602000 978 -146500.85305096957 9393 1932.7631487323551 529.3256974687941 -99.02271593331399 703.5299146201796 
604000 979 -146372.29547664573 9499 2008.4255172450316 474.5610967309016 -93.28687780667182 702.4187529376171 
606000 979 -146241.4991652067 9499 2008.4255172450316 474.5610967309016 -93.28687780667182 702.2228837272228 
608000 979 -146123.22005633617 9499 2008.4255172450316 474.5610967309016 -93.28687780667182 704.1191235011563 
610000 979 -145983.79400879462 9499 2008.4255172450316 474.5610967309016 -93.28687780667182 701.8992652817349 
612000 979 -145920.79888361602 9499 2008.4255172450316 474.5610967309016 -93.28687780667182 698.8620730705487 
614000 980 -145764.24238409454 9386 2082.2012620725814 552.0828531201305 -86.8331804974038 728.6632039554407 
616000 980 -145687.82699452506 9386 2082.2012620725814 552.0828531201305 -86.8331804974038 700.4892641175542 
618000 980 -145537.8892589115 9386 2082.2012620725814 552.0828531201305 -86.8331804974038 700.2353956425775 
620000 980 -145413.48663337893 9386 2082.2012620725814 552.0828531201305 -86.8331804974038 701.1317082792742 
622000 981 -145281.12119251394 9414 2155.5192494518556 590.4395903971067 -80.0604527884587 701.9128275939777 
624000 981 -145154.02885035146 9414 2155.5192494518556 590.4395903971067 -80.0604527884587 702.0972375298039 
626000 981 -145025.56241305452 9414 2155.5192494518556 590.4395903971067 -80.0604527884587 779.5880661876644 
628000 981 -144879.71544261088 9414 2155.5192494518556 590.4395903971067 -80.0604527884587 715.1009760546049 
630000 981 -144794.95511771247 9414 2155.5192494518556 590.4395903971067 -80.0604527884587 700.6984564661093 
632000 982 -144651.33078655537 9353 2227.4940569573373 588.1301956607499 -73.37854630396662 697.1548951758574 
634000 982 -144522.0330368269 9353 2227.4940569573373 588.1301956607499 -73.37854630396662 701.6251932026997 
636000 982 -144416.59660359475 9353 2227.4940569573373 588.1301956607499 -73.37854630396662 703.5303687170848 
638000 982 -144311.94291590387 9353 2227.4940569573373 588.1301956607499 -73.37854630396662 702.4207256816813 
640000 982 -144213.17452642604 9353 2227.4940569573373 588.1301956607499 -73.37854630396662 698.2865817938119 
642000 983 -144084.27049029467 9401 2299.229116387764 534.0226260272092 -67.30453458065486 700.3047788045864 
644000 983 -143978.99601777055 9401 2299.229116387764 534.0226260272092 -67.30453458065486 703.6033157465315 
646000 983 -143859.20764172624 9401 2299.229116387764 534.0226260272092 -67.30453458065486 703.320405219291 
648000 983 -143826.76229573486 9401 2299.229116387764 534.0226260272092 -67.30453458065486 702.8574057128767 
650000 984 -143692.91629751236 9384 2370.0768252238863 480.22772483934546 -61.829211986454865 708.3987338736727 
652000 984 -143560.39535982488 9384 2370.0768252238863 480.22772483934546 -61.829211986454865 703.7479176944439 
654000 984 -143522.562187145 9384 2370.0768252238863 480.22772483934546 -61.829211986454865 700.38740892699 
656000 984 -143406.78725861656 9384 2370.0768252238863 480.22772483934546 -61.829211986454865 698.9012838351011 
658000 984 -143296.28886045268 9384 2370.0768252238863 480.22772483934546 -61.829211986454865 701.5285933270236 
660000 985 -143206.9514229262 9359 2439.9660569716475 459.6029259417543 -56.614890607172775 704.3159150814369 
662000 985 -143106.31005063793 9359 2439.9660569716475 459.6029259417543 -56.614890607172775 886.8757975368325 
664000 985 -142987.88566710305 9359 2439.9660569716475 459.6029259417543 -56.614890607172775 733.246861225245 
666000 985 -142970.6581048316 9359 2439.9660569716475 459.6029259417543 -56.614890607172775 699.8560976421574 
668000 985 -142857.0493941442 9359 2439.9660569716475 459.6029259417543 -56.614890607172775 698.4924931525369 
670000 986 -142751.08375710776 9416 2509.7263964019307 420.00363648470653 -51.84870533625398 704.2071916126265 
672000 986 -142662.7543836487 9416 2509.7263964019307 420.00363648470653 -51.84870533625398 703.3818222329022 
674000 986 -142563.74171499364 9416 2509.7263964019307 420.00363648470653 -51.84870533625398 703.6232799879577 
676000 986 -142448.56719884308 9416 2509.7263964019307 420.00363648470653 -51.84870533625398 700.7411972642526 
678000 987 -142336.2070123898 9311 2577.7391324379114 483.87158789442975 -46.49150240394714 699.3562211107405 
680000 987 -142213.24210562115 9311 2577.7391324379114 483.87158789442975 -46.49150240394714 698.9092445312385 
682000 987 -142107.45712993183 9311 2577.7391324379114 483.87158789442975 -46.49150240394714 701.8367938631562 
684000 987 -142017.13839974132 9311 2577.7391324379114 483.87158789442975 -46.49150240394714 705.0022460490519 
686000 987 -141922.94922383595 9311 2577.7391324379114 483.87158789442975 -46.49150240394714 702.4990615330503 
688000 988 -141831.74378968752 9367 2645.6317411135324 478.0558954237572 -41.2460284256701 704.9312769843625 
690000 988 -141749.59393465074 9367 2645.6317411135324 478.0558954237572 -41.2460284256701 704.836173486528 
692000 988 -141653.67878813596 9367 2645.6317411135324 478.0558954237572 -41.2460284256701 700.1318907536105 
694000 988 -141657.68965898218 9367 2645.6317411135324 478.0558954237572 -41.2460284256701 700.4872826866642 
696000 988 -141551.01748806692 9367 2645.6317411135324 478.0558954237572 -41.2460284256701 700.5310336945654 
698000 989 -141442.10957804503 9497 2714.145423702397 357.92598050165583 -37.25430833639684 701.2664442770534 
700000 989 -141329.36978803723 9497 2714.145423702397 357.92598050165583 -37.25430833639684 701.4333249576704 
702000 989 -141235.87793940768 9497 2714.145423702397 357.92598050165583 -37.25430833639684 703.32676358761 
704000 989 -141149.917075041 9497 2714.145423702397 357.92598050165583 -37.25430833639684 706.403227089112 
706000 989 -141039.52059077934 9497 2714.145423702397 357.92598050165583 -37.25430833639684 704.5923355045737 
708000 990 -140973.3506321687 9403 2781.033969465373 452.4845948661193 -32.35691930437167 712.0611215364535 
710000 990 -140857.10629419488 9403 2781.033969465373 452.4845948661193 -32.35691930437167 707.1528248576733 
712000 990 -140738.94355182408 9403 2781.033969465373 452.4845948661193 -32.35691930437167 703.8446232250338 
714000 990 -140631.57355594242 9403 2781.033969465373 452.4845948661193 -32.35691930437167 704.2012712272976 
716000 991 -140535.55511108998 9336 2846.583629770719 493.91348213432127 -27.094215289984742 786.2339429338493 
718000 991 -140417.91052218425 9336 2846.583629770719 493.91348213432127 -27.094215289984742 720.9441379679098 
720000 991 -140318.60484963222 9336 2846.583629770719 493.91348213432127 -27.094215289984742 705.60277413652 
722000 991 -140202.40793019457 9336 2846.583629770719 493.91348213432127 -27.094215289984742 706.6997974375855 
724000 991 -140100.5335812796 9336 2846.583629770719 493.91348213432127 -27.094215289984742 709.7914417898314 
726000 992 -140003.69128993383 9338 2911.4977934730123 492.57807413835826 -21.89749239570131 704.5688307897906 
728000 992 -139907.0732364327 9338 2911.4977934730123 492.57807413835826 -21.89749239570131 706.6966975659338 
730000 992 -139803.49816651124 9338 2911.4977934730123 492.57807413835826 -21.89749239570131 701.3809853043392 
732000 992 -139686.9610849817 9338 2911.4977934730123 492.57807413835826 -21.89749239570131 704.6856368054896 
734000 992 -139565.602948853 9338 2911.4977934730123 492.57807413835826 -21.89749239570131 712.0667203737862 
736000 993 -139435.8410709596 9348 2975.862815538282 515.9535974458043 -16.51898149728625 704.318597771236 
738000 993 -139359.54493113104 9348 2975.862815538282 515.9535974458043 -16.51898149728625 698.2204554693541 
740000 993 -139246.383244147 9348 2975.862815538282 515.9535974458043 -16.51898149728625 698.3221921406808 
742000 993 -139137.68023506546 9348 2975.862815538282 515.9535974458043 -16.51898149728625 703.902257198762 
744000 994 -139044.64416618927 9370 3039.8041873828993 482.6404040152516 -11.527387642160873 720.0431838663067 
746000 994 -138948.8519628432 9370 3039.8041873828993 482.6404040152516 -11.527387642160873 703.0057514936909 
748000 994 -138828.89076383115 9370 3039.8041873828993 482.6404040152516 -11.527387642160873 1011.6670325670052 
750000 994 -138768.90557034247 9370 3039.8041873828993 482.6404040152516 -11.527387642160873 700.0599166617869 
752000 994 -138635.74153095894 9370 3039.8041873828993 482.6404040152516 -11.527387642160873 700.9590697353832 
754000 995 -138525.55094937183 9371 3103.11614550907 484.40546250697906 -6.568059140669473 702.8714829658378 
756000 995 -138430.21267281845 9371 3103.11614550907 484.40546250697906 -6.568059140669473 707.0157720483362 
758000 995 -138317.05957892703 9371 3103.11614550907 484.40546250697906 -6.568059140669473 706.6238626874925 
760000 995 -138198.18540010386 9371 3103.11614550907 484.40546250697906 -6.568059140669473 707.831323891534 
762000 995 -138071.16697263866 9371 3103.11614550907 484.40546250697906 -6.568059140669473 711.0707332722967 
764000 996 -137953.20364045922 9329 3165.3749840539795 536.1031075428764 -1.1413474738340144 706.4499022874799 
766000 996 -137834.54478962053 9329 3165.3749840539795 536.1031075428764 -1.1413474738340144 706.960925078578 
768000 996 -137702.26481223918 9329 3165.3749840539795 536.1031075428764 -1.1413474738340144 704.2713402870809 
770000 996 -137582.30099121228 9329 3165.3749840539795 536.1031075428764 -1.1413474738340144 703.103954406788 
772000 997 -137468.26723853388 9304 3226.76123421344 546.9549922231029 4.339615923135355 706.6706980564185 
774000 997 -137368.52907732112 9304 3226.76123421344 546.9549922231029 4.339615923135355 711.3899083971517 
776000 997 -137250.51082932416 9304 3226.76123421344 546.9549922231029 4.339615923135355 708.7075975544695 
778000 997 -137148.4889093041 9304 3226.76123421344 546.9549922231029 4.339615923135355 702.1192233374065 
780000 997 -137029.3349126147 9304 3226.76123421344 546.9549922231029 4.339615923135355 705.4333220172795 
782000 998 -136912.59340031695 9382 3288.3136218713057 517.2579301426989 9.468799065330991 1025.5036951291515 
784000 998 -136796.281181093 9382 3288.3136218713057 517.2579301426989 9.468799065330991 709.1296572348182 
786000 998 -136667.55248083908 9382 3288.3136218713057 517.2579301426989 9.468799065330991 696.6602369431614 
788000 998 -136561.1252300571 9382 3288.3136218713057 517.2579301426989 9.468799065330991 701.4994605549686 
790000 998 -136456.7406588955 9382 3288.3136218713057 517.2579301426989 9.468799065330991 718.3295876427746 
792000 999 -136338.25439174124 9305 3348.480485652593 541.6040868784548 14.79015194346223 702.8866018669142 
794000 999 -136238.96909988718 9305 3348.480485652593 541.6040868784548 14.79015194346223 706.8598085709311 
796000 999 -136129.99419064441 9305 3348.480485652593 541.6040868784548 14.79015194346223 703.4112789723813 
798000 999 -136037.10816945543 9305 3348.480485652593 541.6040868784548 14.79015194346223 701.4045289700783 
800000 1000 -135907.67118515196 9327 3408.265680796067 504.77536993971665 19.690004123424774 699.3973115495827 
802000 1000 -135788.86657715807 9327 3408.265680796067 504.77536993971665 19.690004123424774 698.7435208574173 
804000 1000 -135681.82083098186 9327 3408.265680796067 504.77536993971665 19.690004123424774 701.077861841317 
806000 1000 -135584.91917472053 9327 3408.265680796067 504.77536993971665 19.690004123424774 705.047887573354 
808000 1000 -135455.79497361655 9327 3408.265680796067 504.77536993971665 19.690004123424774 703.4301332778103 
810000 1001 -135335.09665745308 9311 3467.2930239881066 532.5770174813456 24.818874257003984 700.5248003718281 
812000 1001 -135229.52010751062 9311 3467.2930239881066 532.5770174813456 24.818874257003984 709.1810203714107 
814000 1001 -135133.17224757862 9311 3467.2930239881066 532.5770174813456 24.818874257003984 704.1996660459321 
816000 1001 -135027.60197591755 9311 3467.2930239881066 532.5770174813456 24.818874257003984 705.1621987927819 
818000 1001 -134898.99886779868 9311 3467.2930239881066 532.5770174813456 24.818874257003984 701.0370032500838 
820000 1002 -134773.98079799776 9303 3525.6500937482256 518.983163791409 29.760517152348033 700.4021024174455 
822000 1002 -134661.57286684823 9303 3525.6500937482256 518.983163791409 29.760517152348033 712.8931464088272 
824000 1002 -134558.52407394946 9303 3525.6500937482256 518.983163791409 29.760517152348033 702.4918810057001 
826000 1002 -134435.09628498554 9303 3525.6500937482256 518.983163791409 29.760517152348033 810.7540801153485 
828000 1003 -134311.78255905336 9322 3583.6135928107433 546.4582506657471 34.92749448748202 700.421954309846 
830000 1003 -134181.81670156337 9322 3583.6135928107433 546.4582506657471 34.92749448748202 699.6768981627525 
832000 1003 -134068.5793018396 9322 3583.6135928107433 546.4582506657471 34.92749448748202 703.8197321711873 
834000 1003 -133960.09572165133 9322 3583.6135928107433 546.4582506657471 34.92749448748202 907.8027951078765 
836000 1003 -133836.38561859357 9322 3583.6135928107433 546.4582506657471 34.92749448748202 736.8036316956915 
838000 1004 -133701.50082961368 9295 3640.7274568826356 562.5096415158727 40.20331595776593 700.503464291057 
840000 1004 -133579.8711438899 9295 3640.7274568826356 562.5096415158727 40.20331595776593 701.8247616007689 
842000 1004 -133466.7033328644 9295 3640.7274568826356 562.5096415158727 40.20331595776593 702.1908304959711 
844000 1004 -133362.54186274396 9295 3640.7274568826356 562.5096415158727 40.20331595776593 709.5781416278289 
846000 1004 -133235.22029538808 9295 3640.7274568826356 562.5096415158727 40.20331595776593 707.1667749970151 
848000 1005 -133100.9305990587 9290 3697.2201823138093 547.336426510217 45.27464706329044 705.3493212337572 
850000 1005 -132978.592251345 9290 3697.2201823138093 547.336426510217 45.27464706329044 704.3355471004747 
852000 1005 -132876.49926862496 9290 3697.2201823138093 547.336426510217 45.27464706329044 709.6569545983275 
854000 1005 -132764.99819517095 9290 3697.2201823138093 547.336426510217 45.27464706329044 705.2995153960036 
856000 1006 -132627.88812298558 9263 3752.8779804906712 567.2639440779258 50.49454003343679 708.7663082565143 
858000 1006 -132499.00855596393 9263 3752.8779804906712 567.2639440779258 50.49454003343679 830.9107855020736 
860000 1006 -132379.9493549422 9263 3752.8779804906712 567.2639440779258 50.49454003343679 707.091423799042 
862000 1006 -132249.55231901215 9263 3752.8779804906712 567.2639440779258 50.49454003343679 709.3095715703394 
864000 1006 -132139.5095474941 9263 3752.8779804906712 567.2639440779258 50.49454003343679 712.4737002836588 
866000 1007 -132022.95677796044 9275 3808.0992006857646 554.1843205926625 55.531437839029046 703.5416654807 
868000 1007 -131915.73748825255 9275 3808.0992006857646 554.1843205926625 55.531437839029046 706.3012422691883 
870000 1007 -131811.63042864125 9275 3808.0992006857646 554.1843205926625 55.531437839029046 713.5092572331482 
872000 1007 -131678.66895770153 9275 3808.0992006857646 554.1843205926625 55.531437839029046 705.0544063091749 
874000 1008 -131533.29669082825 9252 3862.538208678907 568.29388787885 60.65906233942725 703.9145192039989 
876000 1008 -131408.90581631334 9252 3862.538208678907 568.29388787885 60.65906233942725 704.5593850645323 
878000 1008 -131293.42751512717 9252 3862.538208678907 568.29388787885 60.65906233942725 709.2811770566119 
880000 1008 -131188.45109387834 9252 3862.538208678907 568.29388787885 60.65906233942725 711.4069219848591 
882000 1008 -131050.10812564848 9252 3862.538208678907 568.29388787885 60.65906233942725 709.5916041253354 
884000 1009 -130923.06370451217 9272 3916.6328265921175 569.7158820223734 65.74963053625672 708.2905681699616 
886000 1009 -130816.32262888849 9272 3916.6328265921175 569.7158820223734 65.74963053625672 782.941809697601 
888000 1009 -130686.45236698377 9272 3916.6328265921175 569.7158820223734 65.74963053625672 775.3876227769583 
890000 1009 -130549.74834217226 9272 3916.6328265921175 569.7158820223734 65.74963053625672 706.3063977585547 
892000 1009 -130418.29504620211 9272 3916.6328265921175 569.7158820223734 65.74963053625672 708.8403295349898 
894000 1010 -130292.77804101295 9215 3969.6164983261965 578.8609102809862 70.880743333704 708.508620817361 
896000 1010 -130180.150234367 9215 3969.6164983261965 578.8609102809862 70.880743333704 711.2938578039003 
898000 1010 -130073.7038599338 9215 3969.6164983261965 578.8609102809862 70.880743333704 712.3819965484654 
900000 1010 -129937.82492748853 9215 3969.6164983261965 578.8609102809862 70.880743333704 706.7963939866656 
902000 1011 -129797.45974305748 9261 4022.5303333429347 570.2650817286824 75.87458671765378 704.9744655965176 
904000 1011 -129690.23777396834 9261 4022.5303333429347 570.2650817286824 75.87458671765378 711.8686239634961 
906000 1011 -129575.51685987823 9261 4022.5303333429347 570.2650817286824 75.87458671765378 707.640302501817 
908000 1011 -129439.13897623649 9261 4022.5303333429347 570.2650817286824 75.87458671765378 708.8287083299249 
910000 1011 -129304.74800471828 9261 4022.5303333429347 570.2650817286824 75.87458671765378 753.64486775345 
912000 1012 -129168.37343062133 9253 4074.8350300095053 576.3255601542339 80.87909645201958 706.506851834909 
914000 1012 -129040.14578468882 9253 4074.8350300095053 576.3255601542339 80.87909645201958 704.0973628964794 
916000 1012 -128915.2129541928 9253 4074.8350300095053 576.3255601542339 80.87909645201958 712.588768637894 
918000 1012 -128807.4834404122 9253 4074.8350300095053 576.3255601542339 80.87909645201958 709.1285213631188 
920000 1012 -128658.87310234756 9253 4074.8350300095053 576.3255601542339 80.87909645201958 709.8721473851253 
922000 1013 -128505.07760348587 9276 4126.846679709411 599.8203758597853 86.06850924609724 706.7777434248769 
924000 1013 -128361.26218299361 9276 4126.846679709411 599.8203758597853 86.06850924609724 703.8854917206912 
926000 1013 -128228.96718899091 9276 4126.846679709411 599.8203758597853 86.06850924609724 709.3739766536521 
928000 1013 -128111.22782706385 9276 4126.846679709411 599.8203758597853 86.06850924609724 713.297813350244 
930000 1014 -127992.42152994216 9223 4177.808212912316 621.6324448145281 91.42414860178155 714.1552970506093 
932000 1014 -127870.36211151839 9223 4177.808212912316 621.6324448145281 91.42414860178155 709.2503452378224 
934000 1014 -127720.77035393081 9223 4177.808212912316 621.6324448145281 91.42414860178155 708.0625905287162 
936000 1014 -127573.7660003374 9223 4177.808212912316 621.6324448145281 91.42414860178155 729.3499662520791 
938000 1014 -127440.90266207511 9223 4177.808212912316 621.6324448145281 91.42414860178155 800.7794315171959 
940000 1015 -127308.38605940332 9236 4228.390130783192 620.3493340201821 96.71340045596556 708.8312145411138 
942000 1015 -127185.0247938332 9236 4228.390130783192 620.3493340201821 96.71340045596556 714.5291088794171 
944000 1015 -127069.02288736234 9236 4228.390130783192 620.3493340201821 96.71340045596556 708.3332404922112 
946000 1015 -126905.0339071448 9236 4228.390130783192 620.3493340201821 96.71340045596556 709.1630482078309 
948000 1016 -126750.93711118141 9212 4278.22622947536 640.4709101952405 102.15097555335831 765.0718140013158 
950000 1016 -126634.64123571682 9212 4278.22622947536 640.4709101952405 102.15097555335831 706.6796132512386 
952000 1016 -126480.75247002728 9212 4278.22622947536 640.4709101952405 102.15097555335831 711.1303158512483 
954000 1016 -126328.31419355428 9212 4278.22622947536 640.4709101952405 102.15097555335831 707.2204338102473 
956000 1016 -126193.8852840104 9212 4278.22622947536 640.4709101952405 102.15097555335831 709.5921997219867 
958000 1017 -126067.77755181203 9222 4327.663967180607 636.1144128037283 107.490609925862 710.1684236778158 
960000 1017 -125903.64476786471 9222 4327.663967180607 636.1144128037283 107.490609925862 707.2655862350065 
962000 1017 -125754.69450311705 9222 4327.663967180607 636.1144128037283 107.490609925862 731.8326848853786 
964000 1017 -125618.07845204795 9222 4327.663967180607 636.1144128037283 107.490609925862 807.2888234467138 
966000 1017 -125495.19102328035 9222 4327.663967180607 636.1144128037283 107.490609925862 712.8861814571671 
968000 1018 -125343.37803330073 9151 4375.897327508801 648.83846185746 112.90408844517798 706.9316645752394 
970000 1018 -125205.01493048943 9151 4375.897327508801 648.83846185746 112.90408844517798 708.3250757708572 
972000 1018 -125085.1037028647 9151 4375.897327508801 648.83846185746 112.90408844517798 713.4916846880689 
974000 1018 -124962.49676356619 9151 4375.897327508801 648.83846185746 112.90408844517798 710.3078331685905 
976000 1019 -124791.55273992283 9300 4425.138354233713 645.2911499663376 118.22795906038957 706.3807100128394 
978000 1019 -124650.90556885148 9300 4425.138354233713 645.2911499663376 118.22795906038957 698.1879683647257 
980000 1019 -124518.80412847531 9300 4425.138354233713 645.2911499663376 118.22795906038957 708.3906840477514 
982000 1019 -124402.253204258 9300 4425.138354233713 645.2911499663376 118.22795906038957 707.473846051563 
984000 1019 -124238.02917951648 9300 4425.138354233713 645.2911499663376 118.22795906038957 706.6558885989965 
986000 1020 -124086.12805940595 9237 4473.2569706913755 648.7499266009652 123.53317873579532 764.4448189431175 
988000 1020 -123932.84104381404 9237 4473.2569706913755 648.7499266009652 123.53317873579532 706.4371679648089 
990000 1020 -123785.50360777487 9237 4473.2569706913755 648.7499266009652 123.53317873579532 708.6306330984551 
992000 1020 -123653.61890461537 9237 4473.2569706913755 648.7499266009652 123.53317873579532 706.8864308745464 
994000 1020 -123533.36853294278 9237 4473.2569706913755 648.7499266009652 123.53317873579532 710.517819677022 
996000 1021 -123392.58185974727 9203 4520.554400984462 649.2722788744511 128.79056973718187 703.7667183986395 
998000 1021 -123270.1032270793 9203 4520.554400984462 649.2722788744511 128.79056973718187 755.3029368449106 
1000000 1021 -123120.88461500432 9203 4520.554400984462 649.2722788744511 128.79056973718187 738.0878133505211 
1002000 1021 -122966.46807876648 9203 4520.554400984462 649.2722788744511 128.79056973718187 703.0342063781139 
1004000 1022 -122825.41171371362 9219 4567.5388569746165 653.4967785347695 134.03763182515775 706.8710540204385 
1006000 1022 -122690.12722411916 9219 4567.5388569746165 653.4967785347695 134.03763182515775 711.8267984573042 
